#
# A fatal error has been detected by the Java Runtime Environment:
#
#  Internal Error (javaClasses.cpp:129), pid=18956, tid=140466909783808
#  fatal error: Invalid layout of preloaded class
#
# JRE version: 6.0_30-b30
# Java VM: OpenJDK 64-Bit Server VM (23.25-b01 mixed mode linux-amd64 compressed oops)
# Failed to write core dump. Core dumps have been disabled. To enable core dumping, try "ulimit -c unlimited" before starting Java again
#
# If you would like to submit a bug report, please include
# instructions how to reproduce the bug and visit:
#   https://bugs.launchpad.net/ubuntu/+source/openjdk-6/
#

---------------  T H R E A D  ---------------

Current thread (0x00007fc0f8009800):  JavaThread "Unknown thread" [_thread_in_vm, id=18962, stack(0x00007fc10032a000,0x00007fc10042b000)]

Stack: [0x00007fc10032a000,0x00007fc10042b000],  sp=0x00007fc100429940,  free space=1022k
Native frames: (J=compiled Java code, j=interpreted, Vv=VM code, C=native code)
V  [libjvm.so+0x83c569]  VMError::report_and_die()+0x169
V  [libjvm.so+0x3e63a3]  report_fatal(char const*, int, char const*)+0x53
V  [libjvm.so+0x51bd63]  compute_offset(int&, klassOopDesc*, Symbol*, Symbol*, bool)+0x123
V  [libjvm.so+0x51bff1]  java_lang_String::compute_offsets()+0x41
V  [libjvm.so+0x7cb74d]  SystemDictionary::initialize_preloaded_classes(Thread*)+0x3d
V  [libjvm.so+0x818a13]  Universe::genesis(Thread*)+0x443
V  [libjvm.so+0x818ec2]  universe2_init()+0x32
V  [libjvm.so+0x4cfd2a]  init_globals()+0x9a
V  [libjvm.so+0x7fed5c]  Threads::create_vm(JavaVMInitArgs*, bool*)+0x39c
V  [libjvm.so+0x53961a]  JNI_CreateJavaVM+0x5a
C  [java+0x355e]  JavaMain+0x7e


---------------  P R O C E S S  ---------------

Java Threads: ( => current thread )

Other Threads:

=>0x00007fc0f8009800 (exited) JavaThread "Unknown thread" [_thread_in_vm, id=18962, stack(0x00007fc10032a000,0x00007fc10042b000)]

VM state:not at safepoint (not fully initialized)

VM Mutex/Monitor currently owned by a thread: None

GC Heap History (0 events):
No events

Deoptimization events (0 events):
No events

Internal exceptions (0 events):
No events

Events (10 events):
Event: 0.007 loading class 0x00007fc0f80334a0 done
Event: 0.007 loading class 0x00007fc0f8032d40 done
Event: 0.007 loading class 0x00007fc0f8032d10
Event: 0.007 loading class 0x00007fc0f80790e0
Event: 0.007 loading class 0x00007fc0f80790e0 done
Event: 0.007 loading class 0x00007fc0f8079120
Event: 0.007 loading class 0x00007fc0f8079120 done
Event: 0.007 loading class 0x00007fc0f8079160
Event: 0.007 loading class 0x00007fc0f8079160 done
Event: 0.007 loading class 0x00007fc0f8032d10 done


Dynamic libraries:
00400000-00409000 r-xp 00000000 08:01 395358                             /usr/lib/jvm/java-6-openjdk-amd64/jre/bin/java
00608000-00609000 r--p 00008000 08:01 395358                             /usr/lib/jvm/java-6-openjdk-amd64/jre/bin/java
00609000-0060a000 rw-p 00009000 08:01 395358                             /usr/lib/jvm/java-6-openjdk-amd64/jre/bin/java
00ba0000-00bc1000 rw-p 00000000 00:00 0                                  [heap]
779800000-77acc0000 rw-p 00000000 00:00 0 
77acc0000-783e00000 rw-p 00000000 00:00 0 
783e00000-7890c0000 rw-p 00000000 00:00 0 
7890c0000-7d6a00000 rw-p 00000000 00:00 0 
7d6a00000-7d9360000 rw-p 00000000 00:00 0 
7d9360000-800000000 rw-p 00000000 00:00 0 
7fc0b3cc0000-7fc0b8000000 rw-p 00000000 00:00 0 
7fc0b8000000-7fc0b8021000 rw-p 00000000 00:00 0 
7fc0b8021000-7fc0bc000000 ---p 00000000 00:00 0 
7fc0c0000000-7fc0c0021000 rw-p 00000000 00:00 0 
7fc0c0021000-7fc0c4000000 ---p 00000000 00:00 0 
7fc0c8000000-7fc0c8021000 rw-p 00000000 00:00 0 
7fc0c8021000-7fc0cc000000 ---p 00000000 00:00 0 
7fc0d0000000-7fc0d0021000 rw-p 00000000 00:00 0 
7fc0d0021000-7fc0d4000000 ---p 00000000 00:00 0 
7fc0d8000000-7fc0d8021000 rw-p 00000000 00:00 0 
7fc0d8021000-7fc0dc000000 ---p 00000000 00:00 0 
7fc0e0000000-7fc0e0021000 rw-p 00000000 00:00 0 
7fc0e0021000-7fc0e4000000 ---p 00000000 00:00 0 
7fc0e8000000-7fc0e8021000 rw-p 00000000 00:00 0 
7fc0e8021000-7fc0ec000000 ---p 00000000 00:00 0 
7fc0eef30000-7fc0f0000000 rw-p 00000000 00:00 0 
7fc0f0000000-7fc0f0021000 rw-p 00000000 00:00 0 
7fc0f0021000-7fc0f4000000 ---p 00000000 00:00 0 
7fc0f4ec5000-7fc0f5000000 rw-p 00000000 00:00 0 
7fc0f5000000-7fc0f5270000 rwxp 00000000 00:00 0 
7fc0f5270000-7fc0f807f000 rw-p 00000000 00:00 0 
7fc0f807f000-7fc0fc000000 ---p 00000000 00:00 0 
7fc0fc04f000-7fc0fc111000 rw-p 00000000 00:00 0 
7fc0fc111000-7fc0fc1db000 r--s 011ad000 08:01 971023                     /usr/local/stow/android-sdk_r22.0.5/share/android-sdk-linux/platforms/android-18/android.jar
7fc0fc1db000-7fc0fc1dc000 ---p 00000000 00:00 0 
7fc0fc1dc000-7fc0fc2dc000 rw-p 00000000 00:00 0 
7fc0fc2dc000-7fc0fc2dd000 ---p 00000000 00:00 0 
7fc0fc2dd000-7fc0fc3dd000 rw-p 00000000 00:00 0 
7fc0fc3dd000-7fc0fc3de000 ---p 00000000 00:00 0 
7fc0fc3de000-7fc0fc4de000 rw-p 00000000 00:00 0 
7fc0fc4de000-7fc0fc4df000 ---p 00000000 00:00 0 
7fc0fc4df000-7fc0fc5df000 rw-p 00000000 00:00 0 
7fc0fc5df000-7fc0fc5e0000 ---p 00000000 00:00 0 
7fc0fc5e0000-7fc0fc6e0000 rw-p 00000000 00:00 0 
7fc0fc6e0000-7fc0fc6e1000 ---p 00000000 00:00 0 
7fc0fc6e1000-7fc0fc7e1000 rw-p 00000000 00:00 0 
7fc0fc7e1000-7fc0fc7e2000 ---p 00000000 00:00 0 
7fc0fc7e2000-7fc0fc8e2000 rw-p 00000000 00:00 0 
7fc0fc8e2000-7fc0fc8e3000 ---p 00000000 00:00 0 
7fc0fc8e3000-7fc0fc9ee000 rw-p 00000000 00:00 0 
7fc0fc9ee000-7fc0fca36000 rw-p 00000000 00:00 0 
7fc0fca36000-7fc0fca60000 rw-p 00000000 00:00 0 
7fc0fca60000-7fc0fcccc000 rw-p 00000000 00:00 0 
7fc0fcccc000-7fc0fccd7000 rw-p 00000000 00:00 0 
7fc0fccd7000-7fc0fcd1f000 rw-p 00000000 00:00 0 
7fc0fcd1f000-7fc0fcd49000 rw-p 00000000 00:00 0 
7fc0fcd49000-7fc0fcfb5000 rw-p 00000000 00:00 0 
7fc0fcfb5000-7fc0fcfca000 rw-p 00000000 00:00 0 
7fc0fcfca000-7fc0fd100000 rw-p 00000000 00:00 0 
7fc0fd100000-7fc0fd101000 rw-p 00000000 00:00 0 
7fc0fd101000-7fc0fd108000 r-xp 00000000 08:01 525747                     /usr/lib/jvm/java-6-openjdk-amd64/jre/lib/amd64/libzip.so
7fc0fd108000-7fc0fd307000 ---p 00007000 08:01 525747                     /usr/lib/jvm/java-6-openjdk-amd64/jre/lib/amd64/libzip.so
7fc0fd307000-7fc0fd308000 r--p 00006000 08:01 525747                     /usr/lib/jvm/java-6-openjdk-amd64/jre/lib/amd64/libzip.so
7fc0fd308000-7fc0fd309000 rw-p 00007000 08:01 525747                     /usr/lib/jvm/java-6-openjdk-amd64/jre/lib/amd64/libzip.so
7fc0fd309000-7fc0fd313000 r-xp 00000000 08:01 3167340                    /lib/x86_64-linux-gnu/libnss_nis-2.15.so
7fc0fd313000-7fc0fd513000 ---p 0000a000 08:01 3167340                    /lib/x86_64-linux-gnu/libnss_nis-2.15.so
7fc0fd513000-7fc0fd514000 r--p 0000a000 08:01 3167340                    /lib/x86_64-linux-gnu/libnss_nis-2.15.so
7fc0fd514000-7fc0fd515000 rw-p 0000b000 08:01 3167340                    /lib/x86_64-linux-gnu/libnss_nis-2.15.so
7fc0fd515000-7fc0fd52c000 r-xp 00000000 08:01 3167352                    /lib/x86_64-linux-gnu/libnsl-2.15.so
7fc0fd52c000-7fc0fd72b000 ---p 00017000 08:01 3167352                    /lib/x86_64-linux-gnu/libnsl-2.15.so
7fc0fd72b000-7fc0fd72c000 r--p 00016000 08:01 3167352                    /lib/x86_64-linux-gnu/libnsl-2.15.so
7fc0fd72c000-7fc0fd72d000 rw-p 00017000 08:01 3167352                    /lib/x86_64-linux-gnu/libnsl-2.15.so
7fc0fd72d000-7fc0fd72f000 rw-p 00000000 00:00 0 
7fc0fd72f000-7fc0fd73c000 r-xp 00000000 08:01 3167345                    /lib/x86_64-linux-gnu/libnss_nisplus-2.15.so
7fc0fd73c000-7fc0fd93b000 ---p 0000d000 08:01 3167345                    /lib/x86_64-linux-gnu/libnss_nisplus-2.15.so
7fc0fd93b000-7fc0fd93c000 r--p 0000c000 08:01 3167345                    /lib/x86_64-linux-gnu/libnss_nisplus-2.15.so
7fc0fd93c000-7fc0fd93d000 rw-p 0000d000 08:01 3167345                    /lib/x86_64-linux-gnu/libnss_nisplus-2.15.so
7fc0fd93d000-7fc0fd949000 r-xp 00000000 08:01 3167336                    /lib/x86_64-linux-gnu/libnss_files-2.15.so
7fc0fd949000-7fc0fdb48000 ---p 0000c000 08:01 3167336                    /lib/x86_64-linux-gnu/libnss_files-2.15.so
7fc0fdb48000-7fc0fdb49000 r--p 0000b000 08:01 3167336                    /lib/x86_64-linux-gnu/libnss_files-2.15.so
7fc0fdb49000-7fc0fdb4a000 rw-p 0000c000 08:01 3167336                    /lib/x86_64-linux-gnu/libnss_files-2.15.so
7fc0fdb4a000-7fc0fdb77000 r-xp 00000000 08:01 525744                     /usr/lib/jvm/java-6-openjdk-amd64/jre/lib/amd64/libjava.so
7fc0fdb77000-7fc0fdd76000 ---p 0002d000 08:01 525744                     /usr/lib/jvm/java-6-openjdk-amd64/jre/lib/amd64/libjava.so
7fc0fdd76000-7fc0fdd77000 r--p 0002c000 08:01 525744                     /usr/lib/jvm/java-6-openjdk-amd64/jre/lib/amd64/libjava.so
7fc0fdd77000-7fc0fdd7a000 rw-p 0002d000 08:01 525744                     /usr/lib/jvm/java-6-openjdk-amd64/jre/lib/amd64/libjava.so
7fc0fdd7a000-7fc0fdd88000 r-xp 00000000 08:01 525775                     /usr/lib/jvm/java-6-openjdk-amd64/jre/lib/amd64/libverify.so
7fc0fdd88000-7fc0fdf87000 ---p 0000e000 08:01 525775                     /usr/lib/jvm/java-6-openjdk-amd64/jre/lib/amd64/libverify.so
7fc0fdf87000-7fc0fdf89000 r--p 0000d000 08:01 525775                     /usr/lib/jvm/java-6-openjdk-amd64/jre/lib/amd64/libverify.so
7fc0fdf89000-7fc0fdf8a000 rw-p 0000f000 08:01 525775                     /usr/lib/jvm/java-6-openjdk-amd64/jre/lib/amd64/libverify.so
7fc0fdf8a000-7fc0fdf91000 r-xp 00000000 08:01 3167339                    /lib/x86_64-linux-gnu/librt-2.15.so
7fc0fdf91000-7fc0fe190000 ---p 00007000 08:01 3167339                    /lib/x86_64-linux-gnu/librt-2.15.so
7fc0fe190000-7fc0fe191000 r--p 00006000 08:01 3167339                    /lib/x86_64-linux-gnu/librt-2.15.so
7fc0fe191000-7fc0fe192000 rw-p 00007000 08:01 3167339                    /lib/x86_64-linux-gnu/librt-2.15.so
7fc0fe192000-7fc0fe1a7000 r-xp 00000000 08:01 3164969                    /lib/x86_64-linux-gnu/libgcc_s.so.1
7fc0fe1a7000-7fc0fe3a6000 ---p 00015000 08:01 3164969                    /lib/x86_64-linux-gnu/libgcc_s.so.1
7fc0fe3a6000-7fc0fe3a7000 r--p 00014000 08:01 3164969                    /lib/x86_64-linux-gnu/libgcc_s.so.1
7fc0fe3a7000-7fc0fe3a8000 rw-p 00015000 08:01 3164969                    /lib/x86_64-linux-gnu/libgcc_s.so.1
7fc0fe3a8000-7fc0fe4a3000 r-xp 00000000 08:01 3167343                    /lib/x86_64-linux-gnu/libm-2.15.so
7fc0fe4a3000-7fc0fe6a2000 ---p 000fb000 08:01 3167343                    /lib/x86_64-linux-gnu/libm-2.15.so
7fc0fe6a2000-7fc0fe6a3000 r--p 000fa000 08:01 3167343                    /lib/x86_64-linux-gnu/libm-2.15.so
7fc0fe6a3000-7fc0fe6a4000 rw-p 000fb000 08:01 3167343                    /lib/x86_64-linux-gnu/libm-2.15.so
7fc0fe6a4000-7fc0fe786000 r-xp 00000000 08:01 1345910                    /usr/lib/x86_64-linux-gnu/libstdc++.so.6.0.16
7fc0fe786000-7fc0fe985000 ---p 000e2000 08:01 1345910                    /usr/lib/x86_64-linux-gnu/libstdc++.so.6.0.16
7fc0fe985000-7fc0fe98d000 r--p 000e1000 08:01 1345910                    /usr/lib/x86_64-linux-gnu/libstdc++.so.6.0.16
7fc0fe98d000-7fc0fe98f000 rw-p 000e9000 08:01 1345910                    /usr/lib/x86_64-linux-gnu/libstdc++.so.6.0.16
7fc0fe98f000-7fc0fe9a4000 rw-p 00000000 00:00 0 
7fc0fe9a4000-7fc0ff379000 r-xp 00000000 08:01 525756                     /usr/lib/jvm/java-6-openjdk-amd64/jre/lib/amd64/server/libjvm.so
7fc0ff379000-7fc0ff579000 ---p 009d5000 08:01 525756                     /usr/lib/jvm/java-6-openjdk-amd64/jre/lib/amd64/server/libjvm.so
7fc0ff579000-7fc0ff5f8000 r--p 009d5000 08:01 525756                     /usr/lib/jvm/java-6-openjdk-amd64/jre/lib/amd64/server/libjvm.so
7fc0ff5f8000-7fc0ff61b000 rw-p 00a54000 08:01 525756                     /usr/lib/jvm/java-6-openjdk-amd64/jre/lib/amd64/server/libjvm.so
7fc0ff61b000-7fc0ff645000 rw-p 00000000 00:00 0 
7fc0ff645000-7fc0ff65b000 r-xp 00000000 08:01 3164908                    /lib/x86_64-linux-gnu/libz.so.1.2.3.4
7fc0ff65b000-7fc0ff85a000 ---p 00016000 08:01 3164908                    /lib/x86_64-linux-gnu/libz.so.1.2.3.4
7fc0ff85a000-7fc0ff85b000 r--p 00015000 08:01 3164908                    /lib/x86_64-linux-gnu/libz.so.1.2.3.4
7fc0ff85b000-7fc0ff85c000 rw-p 00016000 08:01 3164908                    /lib/x86_64-linux-gnu/libz.so.1.2.3.4
7fc0ff85c000-7fc0ffa11000 r-xp 00000000 08:01 3164896                    /lib/x86_64-linux-gnu/libc-2.15.so
7fc0ffa11000-7fc0ffc11000 ---p 001b5000 08:01 3164896                    /lib/x86_64-linux-gnu/libc-2.15.so
7fc0ffc11000-7fc0ffc15000 r--p 001b5000 08:01 3164896                    /lib/x86_64-linux-gnu/libc-2.15.so
7fc0ffc15000-7fc0ffc17000 rw-p 001b9000 08:01 3164896                    /lib/x86_64-linux-gnu/libc-2.15.so
7fc0ffc17000-7fc0ffc1c000 rw-p 00000000 00:00 0 
7fc0ffc1c000-7fc0ffc1e000 r-xp 00000000 08:01 3167347                    /lib/x86_64-linux-gnu/libdl-2.15.so
7fc0ffc1e000-7fc0ffe1e000 ---p 00002000 08:01 3167347                    /lib/x86_64-linux-gnu/libdl-2.15.so
7fc0ffe1e000-7fc0ffe1f000 r--p 00002000 08:01 3167347                    /lib/x86_64-linux-gnu/libdl-2.15.so
7fc0ffe1f000-7fc0ffe20000 rw-p 00003000 08:01 3167347                    /lib/x86_64-linux-gnu/libdl-2.15.so
7fc0ffe20000-7fc0ffe24000 r-xp 00000000 08:01 525767                     /usr/lib/jvm/java-6-openjdk-amd64/jre/lib/amd64/jli/libjli.so
7fc0ffe24000-7fc100023000 ---p 00004000 08:01 525767                     /usr/lib/jvm/java-6-openjdk-amd64/jre/lib/amd64/jli/libjli.so
7fc100023000-7fc100024000 r--p 00003000 08:01 525767                     /usr/lib/jvm/java-6-openjdk-amd64/jre/lib/amd64/jli/libjli.so
7fc100024000-7fc100025000 rw-p 00004000 08:01 525767                     /usr/lib/jvm/java-6-openjdk-amd64/jre/lib/amd64/jli/libjli.so
7fc100025000-7fc10003d000 r-xp 00000000 08:01 3167341                    /lib/x86_64-linux-gnu/libpthread-2.15.so
7fc10003d000-7fc10023c000 ---p 00018000 08:01 3167341                    /lib/x86_64-linux-gnu/libpthread-2.15.so
7fc10023c000-7fc10023d000 r--p 00017000 08:01 3167341                    /lib/x86_64-linux-gnu/libpthread-2.15.so
7fc10023d000-7fc10023e000 rw-p 00018000 08:01 3167341                    /lib/x86_64-linux-gnu/libpthread-2.15.so
7fc10023e000-7fc100242000 rw-p 00000000 00:00 0 
7fc100242000-7fc100264000 r-xp 00000000 08:01 3167344                    /lib/x86_64-linux-gnu/ld-2.15.so
7fc100269000-7fc100274000 rw-p 00000000 00:00 0 
7fc100274000-7fc10032a000 rw-p 00000000 00:00 0 
7fc10032a000-7fc10032d000 ---p 00000000 00:00 0 
7fc10032d000-7fc100458000 rw-p 00000000 00:00 0 
7fc100458000-7fc100460000 rw-s 00000000 08:06 128017                     /tmp/hsperfdata_nyushko/18956
7fc100460000-7fc100461000 rw-p 00000000 00:00 0 
7fc100461000-7fc100462000 r--p 00000000 00:00 0 
7fc100462000-7fc100464000 rw-p 00000000 00:00 0 
7fc100464000-7fc100465000 r--p 00022000 08:01 3167344                    /lib/x86_64-linux-gnu/ld-2.15.so
7fc100465000-7fc100467000 rw-p 00023000 08:01 3167344                    /lib/x86_64-linux-gnu/ld-2.15.so
7fff4bb37000-7fff4bb58000 rw-p 00000000 00:00 0                          [stack]
7fff4bbff000-7fff4bc00000 r-xp 00000000 00:00 0                          [vdso]
ffffffffff600000-ffffffffff601000 r-xp 00000000 00:00 0                  [vsyscall]

VM Arguments:
jvm_args: -Dfile.encoding=UTF-8 -Xbootclasspath:/usr/local/share/android-sdk-linux/platforms/android-18/android.jar:/usr/local/share/android-sdk-linux/add-ons/addon-google_apis-google-18/libs/effects.jar:/usr/local/share/android-sdk-linux/add-ons/addon-google_apis-google-18/libs/usb.jar:/usr/local/share/android-sdk-linux/add-ons/addon-google_apis-google-18/libs/maps.jar 
java_command: org.eclipse.jdt.internal.junit.runner.RemoteTestRunner -version 3 -port 45591 -testLoaderClass org.eclipse.jdt.internal.junit.runner.junit3.JUnit3TestLoader -loaderpluginname org.eclipse.jdt.junit.runtime -classNames com.example.tests.ElasticSearchTests
Launcher Type: SUN_STANDARD

Environment Variables:
PATH=/usr/local/matlab/bin:/usr/local/sbin:/usr/local/bin:/usr/sbin:/usr/bin:/sbin:/bin:/usr/games
LD_LIBRARY_PATH=/usr/lib/jvm/java-6-openjdk-amd64/jre/lib/amd64/server:/usr/lib/jvm/java-6-openjdk-amd64/jre/lib/amd64:/usr/lib/jvm/java-6-openjdk-amd64/jre/../lib/amd64
SHELL=/bin/bash
DISPLAY=:0.0

Signal Handlers:
SIGSEGV: [libjvm.so+0x83cfe0], sa_mask[0]=0x7ffbfeff, sa_flags=0x10000004
SIGBUS: [libjvm.so+0x83cfe0], sa_mask[0]=0x7ffbfeff, sa_flags=0x10000004
SIGFPE: [libjvm.so+0x6dddf0], sa_mask[0]=0x7ffbfeff, sa_flags=0x10000004
SIGPIPE: [libjvm.so+0x6dddf0], sa_mask[0]=0x7ffbfeff, sa_flags=0x10000004
SIGXFSZ: [libjvm.so+0x6dddf0], sa_mask[0]=0x7ffbfeff, sa_flags=0x10000004
SIGILL: [libjvm.so+0x6dddf0], sa_mask[0]=0x7ffbfeff, sa_flags=0x10000004
SIGUSR1: SIG_DFL, sa_mask[0]=0x00000000, sa_flags=0x00000000
SIGUSR2: [libjvm.so+0x6de230], sa_mask[0]=0x00000004, sa_flags=0x10000004
SIGHUP: SIG_DFL, sa_mask[0]=0x00000000, sa_flags=0x00000000
SIGINT: SIG_DFL, sa_mask[0]=0x00000000, sa_flags=0x00000000
SIGTERM: SIG_DFL, sa_mask[0]=0x00000000, sa_flags=0x00000000
SIGQUIT: SIG_DFL, sa_mask[0]=0x00000000, sa_flags=0x00000000


---------------  S Y S T E M  ---------------

OS:Ubuntu 12.04 (precise)
uname:Linux 3.2.0-59-generic #90-Ubuntu SMP Tue Jan 7 22:43:51 UTC 2014 x86_64
libc:glibc 2.15 NPTL 2.15 
rlimit: STACK 8192k, CORE 0k, NPROC 63384, NOFILE 4096, AS infinity
load average:0.61 0.37 0.28

/proc/meminfo:
MemTotal:        8133492 kB
MemFree:          205144 kB
Buffers:          710336 kB
Cached:          4391072 kB
SwapCached:          300 kB
Active:          3085892 kB
Inactive:        3909136 kB
Active(anon):    1614312 kB
Inactive(anon):   292980 kB
Active(file):    1471580 kB
Inactive(file):  3616156 kB
Unevictable:           0 kB
Mlocked:               0 kB
SwapTotal:       8393956 kB
SwapFree:        8391460 kB
Dirty:                48 kB
Writeback:             0 kB
AnonPages:       1893644 kB
Mapped:           165060 kB
Shmem:             13672 kB
Slab:             729708 kB
SReclaimable:     688828 kB
SUnreclaim:        40880 kB
KernelStack:        4056 kB
PageTables:        21744 kB
NFS_Unstable:          0 kB
Bounce:                0 kB
WritebackTmp:          0 kB
CommitLimit:    12460700 kB
Committed_AS:    4666764 kB
VmallocTotal:   34359738367 kB
VmallocUsed:      149176 kB
VmallocChunk:   34359586940 kB
HardwareCorrupted:     0 kB
AnonHugePages:         0 kB
HugePages_Total:       0
HugePages_Free:        0
HugePages_Rsvd:        0
HugePages_Surp:        0
Hugepagesize:       2048 kB
DirectMap4k:     7985152 kB
DirectMap2M:      362496 kB


CPU:total 8 (4 cores per cpu, 2 threads per core) family 6 model 42 stepping 7, cmov, cx8, fxsr, mmx, sse, sse2, sse3, ssse3, sse4.1, sse4.2, popcnt, avx, ht, tsc, tscinvbit

/proc/cpuinfo:
processor	: 0
vendor_id	: GenuineIntel
cpu family	: 6
model		: 42
model name	: Intel(R) Core(TM) i7-2600 CPU @ 3.40GHz
stepping	: 7
microcode	: 0x23
cpu MHz		: 3401.000
cache size	: 8192 KB
physical id	: 0
siblings	: 8
core id		: 0
cpu cores	: 4
apicid		: 0
initial apicid	: 0
fpu		: yes
fpu_exception	: yes
cpuid level	: 13
wp		: yes
flags		: fpu vme de pse tsc msr pae mce cx8 apic sep mtrr pge mca cmov pat pse36 clflush dts acpi mmx fxsr sse sse2 ss ht tm pbe syscall nx rdtscp lm constant_tsc arch_perfmon pebs bts rep_good nopl xtopology nonstop_tsc aperfmperf pni pclmulqdq dtes64 monitor ds_cpl vmx smx est tm2 ssse3 cx16 xtpr pdcm pcid sse4_1 sse4_2 x2apic popcnt tsc_deadline_timer aes xsave avx lahf_lm ida arat epb xsaveopt pln pts dtherm tpr_shadow vnmi flexpriority ept vpid
bogomips	: 6784.77
clflush size	: 64
cache_alignment	: 64
address sizes	: 36 bits physical, 48 bits virtual
power management:

processor	: 1
vendor_id	: GenuineIntel
cpu family	: 6
model		: 42
model name	: Intel(R) Core(TM) i7-2600 CPU @ 3.40GHz
stepping	: 7
microcode	: 0x23
cpu MHz		: 1600.000
cache size	: 8192 KB
physical id	: 0
siblings	: 8
core id		: 1
cpu cores	: 4
apicid		: 2
initial apicid	: 2
fpu		: yes
fpu_exception	: yes
cpuid level	: 13
wp		: yes
flags		: fpu vme de pse tsc msr pae mce cx8 apic sep mtrr pge mca cmov pat pse36 clflush dts acpi mmx fxsr sse sse2 ss ht tm pbe syscall nx rdtscp lm constant_tsc arch_perfmon pebs bts rep_good nopl xtopology nonstop_tsc aperfmperf pni pclmulqdq dtes64 monitor ds_cpl vmx smx est tm2 ssse3 cx16 xtpr pdcm pcid sse4_1 sse4_2 x2apic popcnt tsc_deadline_timer aes xsave avx lahf_lm ida arat epb xsaveopt pln pts dtherm tpr_shadow vnmi flexpriority ept vpid
bogomips	: 6784.26
clflush size	: 64
cache_alignment	: 64
address sizes	: 36 bits physical, 48 bits virtual
power management:

processor	: 2
vendor_id	: GenuineIntel
cpu family	: 6
model		: 42
model name	: Intel(R) Core(TM) i7-2600 CPU @ 3.40GHz
stepping	: 7
microcode	: 0x23
cpu MHz		: 1600.000
cache size	: 8192 KB
physical id	: 0
siblings	: 8
core id		: 2
cpu cores	: 4
apicid		: 4
initial apicid	: 4
fpu		: yes
fpu_exception	: yes
cpuid level	: 13
wp		: yes
flags		: fpu vme de pse tsc msr pae mce cx8 apic sep mtrr pge mca cmov pat pse36 clflush dts acpi mmx fxsr sse sse2 ss ht tm pbe syscall nx rdtscp lm constant_tsc arch_perfmon pebs bts rep_good nopl xtopology nonstop_tsc aperfmperf pni pclmulqdq dtes64 monitor ds_cpl vmx smx est tm2 ssse3 cx16 xtpr pdcm pcid sse4_1 sse4_2 x2apic popcnt tsc_deadline_timer aes xsave avx lahf_lm ida arat epb xsaveopt pln pts dtherm tpr_shadow vnmi flexpriority ept vpid
bogomips	: 6784.27
clflush size	: 64
cache_alignment	: 64
address sizes	: 36 bits physical, 48 bits virtual
power management:

processor	: 3
vendor_id	: GenuineIntel
cpu family	: 6
model		: 42
model name	: Intel(R) Core(TM) i7-2600 CPU @ 3.40GHz
stepping	: 7
microcode	: 0x23
cpu MHz		: 2000.000
cache size	: 8192 KB
physical id	: 0
siblings	: 8
core id		: 3
cpu cores	: 4
apicid		: 6
initial apicid	: 6
fpu		: yes
fpu_exception	: yes
cpuid level	: 13
wp		: yes
flags		: fpu vme de pse tsc msr pae mce cx8 apic sep mtrr pge mca cmov pat pse36 clflush dts acpi mmx fxsr sse sse2 ss ht tm pbe syscall nx rdtscp lm constant_tsc arch_perfmon pebs bts rep_good nopl xtopology nonstop_tsc aperfmperf pni pclmulqdq dtes64 monitor ds_cpl vmx smx est tm2 ssse3 cx16 xtpr pdcm pcid sse4_1 sse4_2 x2apic popcnt tsc_deadline_timer aes xsave avx lahf_lm ida arat epb xsaveopt pln pts dtherm tpr_shadow vnmi flexpriority ept vpid
bogomips	: 6784.26
clflush size	: 64
cache_alignment	: 64
address sizes	: 36 bits physical, 48 bits virtual
power management:

processor	: 4
vendor_id	: GenuineIntel
cpu family	: 6
model		: 42
model name	: Intel(R) Core(TM) i7-2600 CPU @ 3.40GHz
stepping	: 7
microcode	: 0x23
cpu MHz		: 2400.000
cache size	: 8192 KB
physical id	: 0
siblings	: 8
core id		: 0
cpu cores	: 4
apicid		: 1
initial apicid	: 1
fpu		: yes
fpu_exception	: yes
cpuid level	: 13
wp		: yes
flags		: fpu vme de pse tsc msr pae mce cx8 apic sep mtrr pge mca cmov pat pse36 clflush dts acpi mmx fxsr sse sse2 ss ht tm pbe syscall nx rdtscp lm constant_tsc arch_perfmon pebs bts rep_good nopl xtopology nonstop_tsc aperfmperf pni pclmulqdq dtes64 monitor ds_cpl vmx smx est tm2 ssse3 cx16 xtpr pdcm pcid sse4_1 sse4_2 x2apic popcnt tsc_deadline_timer aes xsave avx lahf_lm ida arat epb xsaveopt pln pts dtherm tpr_shadow vnmi flexpriority ept vpid
bogomips	: 6784.28
clflush size	: 64
cache_alignment	: 64
address sizes	: 36 bits physical, 48 bits virtual
power management:

processor	: 5
vendor_id	: GenuineIntel
cpu family	: 6
model		: 42
model name	: Intel(R) Core(TM) i7-2600 CPU @ 3.40GHz
stepping	: 7
microcode	: 0x23
cpu MHz		: 1600.000
cache size	: 8192 KB
physical id	: 0
siblings	: 8
core id		: 1
cpu cores	: 4
apicid		: 3
initial apicid	: 3
fpu		: yes
fpu_exception	: yes
cpuid level	: 13
wp		: yes
flags		: fpu vme de pse tsc msr pae mce cx8 apic sep mtrr pge mca cmov pat pse36 clflush dts acpi mmx fxsr sse sse2 ss ht tm pbe syscall nx rdtscp lm constant_tsc arch_perfmon pebs bts rep_good nopl xtopology nonstop_tsc aperfmperf pni pclmulqdq dtes64 monitor ds_cpl vmx smx est tm2 ssse3 cx16 xtpr pdcm pcid sse4_1 sse4_2 x2apic popcnt tsc_deadline_timer aes xsave avx lahf_lm ida arat epb xsaveopt pln pts dtherm tpr_shadow vnmi flexpriority ept vpid
bogomips	: 6784.27
clflush size	: 64
cache_alignment	: 64
address sizes	: 36 bits physical, 48 bits virtual
power management:

processor	: 6
vendor_id	: GenuineIntel
cpu family	: 6
model		: 42
model name	: Intel(R) Core(TM) i7-2600 CPU @ 3.40GHz
stepping	: 7
microcode	: 0x23
cpu MHz		: 1600.000
cache size	: 8192 KB
physical id	: 0
siblings	: 8
core id		: 2
cpu cores	: 4
apicid		: 5
initial apicid	: 5
fpu		: yes
fpu_exception	: yes
cpuid level	: 13
wp		: yes
flags		: fpu vme de pse tsc msr pae mce cx8 apic sep mtrr pge mca cmov pat pse36 clflush dts acpi mmx fxsr sse sse2 ss ht tm pbe syscall nx rdtscp lm constant_tsc arch_perfmon pebs bts rep_good nopl xtopology nonstop_tsc aperfmperf pni pclmulqdq dtes64 monitor ds_cpl vmx smx est tm2 ssse3 cx16 xtpr pdcm pcid sse4_1 sse4_2 x2apic popcnt tsc_deadline_timer aes xsave avx lahf_lm ida arat epb xsaveopt pln pts dtherm tpr_shadow vnmi flexpriority ept vpid
bogomips	: 6784.27
clflush size	: 64
cache_alignment	: 64
address sizes	: 36 bits physical, 48 bits virtual
power management:

processor	: 7
vendor_id	: GenuineIntel
cpu family	: 6
model		: 42
model name	: Intel(R) Core(TM) i7-2600 CPU @ 3.40GHz
stepping	: 7
microcode	: 0x23
cpu MHz		: 1600.000
cache size	: 8192 KB
physical id	: 0
siblings	: 8
core id		: 3
cpu cores	: 4
apicid		: 7
initial apicid	: 7
fpu		: yes
fpu_exception	: yes
cpuid level	: 13
wp		: yes
flags		: fpu vme de pse tsc msr pae mce cx8 apic sep mtrr pge mca cmov pat pse36 clflush dts acpi mmx fxsr sse sse2 ss ht tm pbe syscall nx rdtscp lm constant_tsc arch_perfmon pebs bts rep_good nopl xtopology nonstop_tsc aperfmperf pni pclmulqdq dtes64 monitor ds_cpl vmx smx est tm2 ssse3 cx16 xtpr pdcm pcid sse4_1 sse4_2 x2apic popcnt tsc_deadline_timer aes xsave avx lahf_lm ida arat epb xsaveopt pln pts dtherm tpr_shadow vnmi flexpriority ept vpid
bogomips	: 6784.26
clflush size	: 64
cache_alignment	: 64
address sizes	: 36 bits physical, 48 bits virtual
power management:



Memory: 4k page, physical 8133492k(205144k free), swap 8393956k(8391460k free)

vm_info: OpenJDK 64-Bit Server VM (23.25-b01) for linux-amd64 JRE (1.6.0_30-b30), built on Feb 25 2014 23:11:33 by "buildd" with gcc 4.6.3

time: Sun Mar 16 17:17:46 2014
elapsed time: 0 seconds

