#
# A fatal error has been detected by the Java Runtime Environment:
#
#  Internal Error (javaClasses.cpp:129), pid=18975, tid=140497381181184
#  fatal error: Invalid layout of preloaded class
#
# JRE version: 6.0_30-b30
# Java VM: OpenJDK 64-Bit Server VM (23.25-b01 mixed mode linux-amd64 compressed oops)
# Failed to write core dump. Core dumps have been disabled. To enable core dumping, try "ulimit -c unlimited" before starting Java again
#
# If you would like to submit a bug report, please include
# instructions how to reproduce the bug and visit:
#   https://bugs.launchpad.net/ubuntu/+source/openjdk-6/
#

---------------  T H R E A D  ---------------

Current thread (0x00007fc810009800):  JavaThread "Unknown thread" [_thread_in_vm, id=18981, stack(0x00007fc8186f4000,0x00007fc8187f5000)]

Stack: [0x00007fc8186f4000,0x00007fc8187f5000],  sp=0x00007fc8187f3940,  free space=1022k
Native frames: (J=compiled Java code, j=interpreted, Vv=VM code, C=native code)
V  [libjvm.so+0x83c569]  VMError::report_and_die()+0x169
V  [libjvm.so+0x3e63a3]  report_fatal(char const*, int, char const*)+0x53
V  [libjvm.so+0x51bd63]  compute_offset(int&, klassOopDesc*, Symbol*, Symbol*, bool)+0x123
V  [libjvm.so+0x51bff1]  java_lang_String::compute_offsets()+0x41
V  [libjvm.so+0x7cb74d]  SystemDictionary::initialize_preloaded_classes(Thread*)+0x3d
V  [libjvm.so+0x818a13]  Universe::genesis(Thread*)+0x443
V  [libjvm.so+0x818ec2]  universe2_init()+0x32
V  [libjvm.so+0x4cfd2a]  init_globals()+0x9a
V  [libjvm.so+0x7fed5c]  Threads::create_vm(JavaVMInitArgs*, bool*)+0x39c
V  [libjvm.so+0x53961a]  JNI_CreateJavaVM+0x5a
C  [java+0x355e]  JavaMain+0x7e


---------------  P R O C E S S  ---------------

Java Threads: ( => current thread )

Other Threads:

=>0x00007fc810009800 (exited) JavaThread "Unknown thread" [_thread_in_vm, id=18981, stack(0x00007fc8186f4000,0x00007fc8187f5000)]

VM state:not at safepoint (not fully initialized)

VM Mutex/Monitor currently owned by a thread: None

GC Heap History (0 events):
No events

Deoptimization events (0 events):
No events

Internal exceptions (0 events):
No events

Events (10 events):
Event: 0.009 loading class 0x00007fc8100334a0 done
Event: 0.009 loading class 0x00007fc810032d40 done
Event: 0.009 loading class 0x00007fc810032d10
Event: 0.010 loading class 0x00007fc8100790e0
Event: 0.010 loading class 0x00007fc8100790e0 done
Event: 0.010 loading class 0x00007fc810079120
Event: 0.010 loading class 0x00007fc810079120 done
Event: 0.010 loading class 0x00007fc810079160
Event: 0.010 loading class 0x00007fc810079160 done
Event: 0.010 loading class 0x00007fc810032d10 done


Dynamic libraries:
00400000-00409000 r-xp 00000000 08:01 395358                             /usr/lib/jvm/java-6-openjdk-amd64/jre/bin/java
00608000-00609000 r--p 00008000 08:01 395358                             /usr/lib/jvm/java-6-openjdk-amd64/jre/bin/java
00609000-0060a000 rw-p 00009000 08:01 395358                             /usr/lib/jvm/java-6-openjdk-amd64/jre/bin/java
01da5000-01dc6000 rw-p 00000000 00:00 0                                  [heap]
779800000-77acc0000 rw-p 00000000 00:00 0 
77acc0000-783e00000 rw-p 00000000 00:00 0 
783e00000-7890c0000 rw-p 00000000 00:00 0 
7890c0000-7d6a00000 rw-p 00000000 00:00 0 
7d6a00000-7d9360000 rw-p 00000000 00:00 0 
7d9360000-800000000 rw-p 00000000 00:00 0 
7fc7cbcc0000-7fc7d0000000 rw-p 00000000 00:00 0 
7fc7d0000000-7fc7d0021000 rw-p 00000000 00:00 0 
7fc7d0021000-7fc7d4000000 ---p 00000000 00:00 0 
7fc7d8000000-7fc7d8021000 rw-p 00000000 00:00 0 
7fc7d8021000-7fc7dc000000 ---p 00000000 00:00 0 
7fc7e0000000-7fc7e0021000 rw-p 00000000 00:00 0 
7fc7e0021000-7fc7e4000000 ---p 00000000 00:00 0 
7fc7e8000000-7fc7e8021000 rw-p 00000000 00:00 0 
7fc7e8021000-7fc7ec000000 ---p 00000000 00:00 0 
7fc7f0000000-7fc7f0021000 rw-p 00000000 00:00 0 
7fc7f0021000-7fc7f4000000 ---p 00000000 00:00 0 
7fc7f8000000-7fc7f8021000 rw-p 00000000 00:00 0 
7fc7f8021000-7fc7fc000000 ---p 00000000 00:00 0 
7fc800000000-7fc800021000 rw-p 00000000 00:00 0 
7fc800021000-7fc804000000 ---p 00000000 00:00 0 
7fc806f30000-7fc808000000 rw-p 00000000 00:00 0 
7fc808000000-7fc808021000 rw-p 00000000 00:00 0 
7fc808021000-7fc80c000000 ---p 00000000 00:00 0 
7fc80d000000-7fc80d270000 rwxp 00000000 00:00 0 
7fc80d270000-7fc81007f000 rw-p 00000000 00:00 0 
7fc81007f000-7fc814000000 ---p 00000000 00:00 0 
7fc8142de000-7fc8144db000 rw-p 00000000 00:00 0 
7fc8144db000-7fc8145a5000 r--s 011ad000 08:01 971023                     /usr/local/stow/android-sdk_r22.0.5/share/android-sdk-linux/platforms/android-18/android.jar
7fc8145a5000-7fc8145a6000 ---p 00000000 00:00 0 
7fc8145a6000-7fc8146a6000 rw-p 00000000 00:00 0 
7fc8146a6000-7fc8146a7000 ---p 00000000 00:00 0 
7fc8146a7000-7fc8147a7000 rw-p 00000000 00:00 0 
7fc8147a7000-7fc8147a8000 ---p 00000000 00:00 0 
7fc8147a8000-7fc8148a8000 rw-p 00000000 00:00 0 
7fc8148a8000-7fc8148a9000 ---p 00000000 00:00 0 
7fc8148a9000-7fc8149a9000 rw-p 00000000 00:00 0 
7fc8149a9000-7fc8149aa000 ---p 00000000 00:00 0 
7fc8149aa000-7fc814aaa000 rw-p 00000000 00:00 0 
7fc814aaa000-7fc814aab000 ---p 00000000 00:00 0 
7fc814aab000-7fc814bab000 rw-p 00000000 00:00 0 
7fc814bab000-7fc814bac000 ---p 00000000 00:00 0 
7fc814bac000-7fc814cac000 rw-p 00000000 00:00 0 
7fc814cac000-7fc814cad000 ---p 00000000 00:00 0 
7fc814cad000-7fc814db8000 rw-p 00000000 00:00 0 
7fc814db8000-7fc814e00000 rw-p 00000000 00:00 0 
7fc814e00000-7fc814e2a000 rw-p 00000000 00:00 0 
7fc814e2a000-7fc815096000 rw-p 00000000 00:00 0 
7fc815096000-7fc8150a1000 rw-p 00000000 00:00 0 
7fc8150a1000-7fc8150e9000 rw-p 00000000 00:00 0 
7fc8150e9000-7fc815113000 rw-p 00000000 00:00 0 
7fc815113000-7fc81537f000 rw-p 00000000 00:00 0 
7fc81537f000-7fc815394000 rw-p 00000000 00:00 0 
7fc815394000-7fc8154ca000 rw-p 00000000 00:00 0 
7fc8154ca000-7fc8154cb000 rw-p 00000000 00:00 0 
7fc8154cb000-7fc8154d2000 r-xp 00000000 08:01 525747                     /usr/lib/jvm/java-6-openjdk-amd64/jre/lib/amd64/libzip.so
7fc8154d2000-7fc8156d1000 ---p 00007000 08:01 525747                     /usr/lib/jvm/java-6-openjdk-amd64/jre/lib/amd64/libzip.so
7fc8156d1000-7fc8156d2000 r--p 00006000 08:01 525747                     /usr/lib/jvm/java-6-openjdk-amd64/jre/lib/amd64/libzip.so
7fc8156d2000-7fc8156d3000 rw-p 00007000 08:01 525747                     /usr/lib/jvm/java-6-openjdk-amd64/jre/lib/amd64/libzip.so
7fc8156d3000-7fc8156dd000 r-xp 00000000 08:01 3167340                    /lib/x86_64-linux-gnu/libnss_nis-2.15.so
7fc8156dd000-7fc8158dd000 ---p 0000a000 08:01 3167340                    /lib/x86_64-linux-gnu/libnss_nis-2.15.so
7fc8158dd000-7fc8158de000 r--p 0000a000 08:01 3167340                    /lib/x86_64-linux-gnu/libnss_nis-2.15.so
7fc8158de000-7fc8158df000 rw-p 0000b000 08:01 3167340                    /lib/x86_64-linux-gnu/libnss_nis-2.15.so
7fc8158df000-7fc8158f6000 r-xp 00000000 08:01 3167352                    /lib/x86_64-linux-gnu/libnsl-2.15.so
7fc8158f6000-7fc815af5000 ---p 00017000 08:01 3167352                    /lib/x86_64-linux-gnu/libnsl-2.15.so
7fc815af5000-7fc815af6000 r--p 00016000 08:01 3167352                    /lib/x86_64-linux-gnu/libnsl-2.15.so
7fc815af6000-7fc815af7000 rw-p 00017000 08:01 3167352                    /lib/x86_64-linux-gnu/libnsl-2.15.so
7fc815af7000-7fc815af9000 rw-p 00000000 00:00 0 
7fc815af9000-7fc815b06000 r-xp 00000000 08:01 3167345                    /lib/x86_64-linux-gnu/libnss_nisplus-2.15.so
7fc815b06000-7fc815d05000 ---p 0000d000 08:01 3167345                    /lib/x86_64-linux-gnu/libnss_nisplus-2.15.so
7fc815d05000-7fc815d06000 r--p 0000c000 08:01 3167345                    /lib/x86_64-linux-gnu/libnss_nisplus-2.15.so
7fc815d06000-7fc815d07000 rw-p 0000d000 08:01 3167345                    /lib/x86_64-linux-gnu/libnss_nisplus-2.15.so
7fc815d07000-7fc815d13000 r-xp 00000000 08:01 3167336                    /lib/x86_64-linux-gnu/libnss_files-2.15.so
7fc815d13000-7fc815f12000 ---p 0000c000 08:01 3167336                    /lib/x86_64-linux-gnu/libnss_files-2.15.so
7fc815f12000-7fc815f13000 r--p 0000b000 08:01 3167336                    /lib/x86_64-linux-gnu/libnss_files-2.15.so
7fc815f13000-7fc815f14000 rw-p 0000c000 08:01 3167336                    /lib/x86_64-linux-gnu/libnss_files-2.15.so
7fc815f14000-7fc815f41000 r-xp 00000000 08:01 525744                     /usr/lib/jvm/java-6-openjdk-amd64/jre/lib/amd64/libjava.so
7fc815f41000-7fc816140000 ---p 0002d000 08:01 525744                     /usr/lib/jvm/java-6-openjdk-amd64/jre/lib/amd64/libjava.so
7fc816140000-7fc816141000 r--p 0002c000 08:01 525744                     /usr/lib/jvm/java-6-openjdk-amd64/jre/lib/amd64/libjava.so
7fc816141000-7fc816144000 rw-p 0002d000 08:01 525744                     /usr/lib/jvm/java-6-openjdk-amd64/jre/lib/amd64/libjava.so
7fc816144000-7fc816152000 r-xp 00000000 08:01 525775                     /usr/lib/jvm/java-6-openjdk-amd64/jre/lib/amd64/libverify.so
7fc816152000-7fc816351000 ---p 0000e000 08:01 525775                     /usr/lib/jvm/java-6-openjdk-amd64/jre/lib/amd64/libverify.so
7fc816351000-7fc816353000 r--p 0000d000 08:01 525775                     /usr/lib/jvm/java-6-openjdk-amd64/jre/lib/amd64/libverify.so
7fc816353000-7fc816354000 rw-p 0000f000 08:01 525775                     /usr/lib/jvm/java-6-openjdk-amd64/jre/lib/amd64/libverify.so
7fc816354000-7fc81635b000 r-xp 00000000 08:01 3167339                    /lib/x86_64-linux-gnu/librt-2.15.so
7fc81635b000-7fc81655a000 ---p 00007000 08:01 3167339                    /lib/x86_64-linux-gnu/librt-2.15.so
7fc81655a000-7fc81655b000 r--p 00006000 08:01 3167339                    /lib/x86_64-linux-gnu/librt-2.15.so
7fc81655b000-7fc81655c000 rw-p 00007000 08:01 3167339                    /lib/x86_64-linux-gnu/librt-2.15.so
7fc81655c000-7fc816571000 r-xp 00000000 08:01 3164969                    /lib/x86_64-linux-gnu/libgcc_s.so.1
7fc816571000-7fc816770000 ---p 00015000 08:01 3164969                    /lib/x86_64-linux-gnu/libgcc_s.so.1
7fc816770000-7fc816771000 r--p 00014000 08:01 3164969                    /lib/x86_64-linux-gnu/libgcc_s.so.1
7fc816771000-7fc816772000 rw-p 00015000 08:01 3164969                    /lib/x86_64-linux-gnu/libgcc_s.so.1
7fc816772000-7fc81686d000 r-xp 00000000 08:01 3167343                    /lib/x86_64-linux-gnu/libm-2.15.so
7fc81686d000-7fc816a6c000 ---p 000fb000 08:01 3167343                    /lib/x86_64-linux-gnu/libm-2.15.so
7fc816a6c000-7fc816a6d000 r--p 000fa000 08:01 3167343                    /lib/x86_64-linux-gnu/libm-2.15.so
7fc816a6d000-7fc816a6e000 rw-p 000fb000 08:01 3167343                    /lib/x86_64-linux-gnu/libm-2.15.so
7fc816a6e000-7fc816b50000 r-xp 00000000 08:01 1345910                    /usr/lib/x86_64-linux-gnu/libstdc++.so.6.0.16
7fc816b50000-7fc816d4f000 ---p 000e2000 08:01 1345910                    /usr/lib/x86_64-linux-gnu/libstdc++.so.6.0.16
7fc816d4f000-7fc816d57000 r--p 000e1000 08:01 1345910                    /usr/lib/x86_64-linux-gnu/libstdc++.so.6.0.16
7fc816d57000-7fc816d59000 rw-p 000e9000 08:01 1345910                    /usr/lib/x86_64-linux-gnu/libstdc++.so.6.0.16
7fc816d59000-7fc816d6e000 rw-p 00000000 00:00 0 
7fc816d6e000-7fc817743000 r-xp 00000000 08:01 525756                     /usr/lib/jvm/java-6-openjdk-amd64/jre/lib/amd64/server/libjvm.so
7fc817743000-7fc817943000 ---p 009d5000 08:01 525756                     /usr/lib/jvm/java-6-openjdk-amd64/jre/lib/amd64/server/libjvm.so
7fc817943000-7fc8179c2000 r--p 009d5000 08:01 525756                     /usr/lib/jvm/java-6-openjdk-amd64/jre/lib/amd64/server/libjvm.so
7fc8179c2000-7fc8179e5000 rw-p 00a54000 08:01 525756                     /usr/lib/jvm/java-6-openjdk-amd64/jre/lib/amd64/server/libjvm.so
7fc8179e5000-7fc817a0f000 rw-p 00000000 00:00 0 
7fc817a0f000-7fc817a25000 r-xp 00000000 08:01 3164908                    /lib/x86_64-linux-gnu/libz.so.1.2.3.4
7fc817a25000-7fc817c24000 ---p 00016000 08:01 3164908                    /lib/x86_64-linux-gnu/libz.so.1.2.3.4
7fc817c24000-7fc817c25000 r--p 00015000 08:01 3164908                    /lib/x86_64-linux-gnu/libz.so.1.2.3.4
7fc817c25000-7fc817c26000 rw-p 00016000 08:01 3164908                    /lib/x86_64-linux-gnu/libz.so.1.2.3.4
7fc817c26000-7fc817ddb000 r-xp 00000000 08:01 3164896                    /lib/x86_64-linux-gnu/libc-2.15.so
7fc817ddb000-7fc817fdb000 ---p 001b5000 08:01 3164896                    /lib/x86_64-linux-gnu/libc-2.15.so
7fc817fdb000-7fc817fdf000 r--p 001b5000 08:01 3164896                    /lib/x86_64-linux-gnu/libc-2.15.so
7fc817fdf000-7fc817fe1000 rw-p 001b9000 08:01 3164896                    /lib/x86_64-linux-gnu/libc-2.15.so
7fc817fe1000-7fc817fe6000 rw-p 00000000 00:00 0 
7fc817fe6000-7fc817fe8000 r-xp 00000000 08:01 3167347                    /lib/x86_64-linux-gnu/libdl-2.15.so
7fc817fe8000-7fc8181e8000 ---p 00002000 08:01 3167347                    /lib/x86_64-linux-gnu/libdl-2.15.so
7fc8181e8000-7fc8181e9000 r--p 00002000 08:01 3167347                    /lib/x86_64-linux-gnu/libdl-2.15.so
7fc8181e9000-7fc8181ea000 rw-p 00003000 08:01 3167347                    /lib/x86_64-linux-gnu/libdl-2.15.so
7fc8181ea000-7fc8181ee000 r-xp 00000000 08:01 525767                     /usr/lib/jvm/java-6-openjdk-amd64/jre/lib/amd64/jli/libjli.so
7fc8181ee000-7fc8183ed000 ---p 00004000 08:01 525767                     /usr/lib/jvm/java-6-openjdk-amd64/jre/lib/amd64/jli/libjli.so
7fc8183ed000-7fc8183ee000 r--p 00003000 08:01 525767                     /usr/lib/jvm/java-6-openjdk-amd64/jre/lib/amd64/jli/libjli.so
7fc8183ee000-7fc8183ef000 rw-p 00004000 08:01 525767                     /usr/lib/jvm/java-6-openjdk-amd64/jre/lib/amd64/jli/libjli.so
7fc8183ef000-7fc818407000 r-xp 00000000 08:01 3167341                    /lib/x86_64-linux-gnu/libpthread-2.15.so
7fc818407000-7fc818606000 ---p 00018000 08:01 3167341                    /lib/x86_64-linux-gnu/libpthread-2.15.so
7fc818606000-7fc818607000 r--p 00017000 08:01 3167341                    /lib/x86_64-linux-gnu/libpthread-2.15.so
7fc818607000-7fc818608000 rw-p 00018000 08:01 3167341                    /lib/x86_64-linux-gnu/libpthread-2.15.so
7fc818608000-7fc81860c000 rw-p 00000000 00:00 0 
7fc81860c000-7fc81862e000 r-xp 00000000 08:01 3167344                    /lib/x86_64-linux-gnu/ld-2.15.so
7fc818633000-7fc81863e000 rw-p 00000000 00:00 0 
7fc81863e000-7fc8186f4000 rw-p 00000000 00:00 0 
7fc8186f4000-7fc8186f7000 ---p 00000000 00:00 0 
7fc8186f7000-7fc818822000 rw-p 00000000 00:00 0 
7fc818822000-7fc81882a000 rw-s 00000000 08:06 128017                     /tmp/hsperfdata_nyushko/18975
7fc81882a000-7fc81882b000 rw-p 00000000 00:00 0 
7fc81882b000-7fc81882c000 r--p 00000000 00:00 0 
7fc81882c000-7fc81882e000 rw-p 00000000 00:00 0 
7fc81882e000-7fc81882f000 r--p 00022000 08:01 3167344                    /lib/x86_64-linux-gnu/ld-2.15.so
7fc81882f000-7fc818831000 rw-p 00023000 08:01 3167344                    /lib/x86_64-linux-gnu/ld-2.15.so
7fff0d9b3000-7fff0d9d4000 rw-p 00000000 00:00 0                          [stack]
7fff0d9ff000-7fff0da00000 r-xp 00000000 00:00 0                          [vdso]
ffffffffff600000-ffffffffff601000 r-xp 00000000 00:00 0                  [vsyscall]

VM Arguments:
jvm_args: -Dfile.encoding=UTF-8 -Xbootclasspath:/usr/local/share/android-sdk-linux/platforms/android-18/android.jar:/usr/local/share/android-sdk-linux/add-ons/addon-google_apis-google-18/libs/effects.jar:/usr/local/share/android-sdk-linux/add-ons/addon-google_apis-google-18/libs/usb.jar:/usr/local/share/android-sdk-linux/add-ons/addon-google_apis-google-18/libs/maps.jar 
java_command: org.eclipse.jdt.internal.junit.runner.RemoteTestRunner -version 3 -port 56379 -testLoaderClass org.eclipse.jdt.internal.junit.runner.junit3.JUnit3TestLoader -loaderpluginname org.eclipse.jdt.junit.runtime -classNames com.example.tests.ElasticSearchTests
Launcher Type: SUN_STANDARD

Environment Variables:
PATH=/usr/local/matlab/bin:/usr/local/sbin:/usr/local/bin:/usr/sbin:/usr/bin:/sbin:/bin:/usr/games
LD_LIBRARY_PATH=/usr/lib/jvm/java-6-openjdk-amd64/jre/lib/amd64/server:/usr/lib/jvm/java-6-openjdk-amd64/jre/lib/amd64:/usr/lib/jvm/java-6-openjdk-amd64/jre/../lib/amd64
SHELL=/bin/bash
DISPLAY=:0.0

Signal Handlers:
SIGSEGV: [libjvm.so+0x83cfe0], sa_mask[0]=0x7ffbfeff, sa_flags=0x10000004
SIGBUS: [libjvm.so+0x83cfe0], sa_mask[0]=0x7ffbfeff, sa_flags=0x10000004
SIGFPE: [libjvm.so+0x6dddf0], sa_mask[0]=0x7ffbfeff, sa_flags=0x10000004
SIGPIPE: [libjvm.so+0x6dddf0], sa_mask[0]=0x7ffbfeff, sa_flags=0x10000004
SIGXFSZ: [libjvm.so+0x6dddf0], sa_mask[0]=0x7ffbfeff, sa_flags=0x10000004
SIGILL: [libjvm.so+0x6dddf0], sa_mask[0]=0x7ffbfeff, sa_flags=0x10000004
SIGUSR1: SIG_DFL, sa_mask[0]=0x00000000, sa_flags=0x00000000
SIGUSR2: [libjvm.so+0x6de230], sa_mask[0]=0x00000004, sa_flags=0x10000004
SIGHUP: SIG_DFL, sa_mask[0]=0x00000000, sa_flags=0x00000000
SIGINT: SIG_DFL, sa_mask[0]=0x00000000, sa_flags=0x00000000
SIGTERM: SIG_DFL, sa_mask[0]=0x00000000, sa_flags=0x00000000
SIGQUIT: SIG_DFL, sa_mask[0]=0x00000000, sa_flags=0x00000000


---------------  S Y S T E M  ---------------

OS:Ubuntu 12.04 (precise)
uname:Linux 3.2.0-59-generic #90-Ubuntu SMP Tue Jan 7 22:43:51 UTC 2014 x86_64
libc:glibc 2.15 NPTL 2.15 
rlimit: STACK 8192k, CORE 0k, NPROC 63384, NOFILE 4096, AS infinity
load average:1.04 0.46 0.31

/proc/meminfo:
MemTotal:        8133492 kB
MemFree:          206772 kB
Buffers:          710336 kB
Cached:          4391100 kB
SwapCached:          300 kB
Active:          3084536 kB
Inactive:        3909160 kB
Active(anon):    1612952 kB
Inactive(anon):   292980 kB
Active(file):    1471584 kB
Inactive(file):  3616180 kB
Unevictable:           0 kB
Mlocked:               0 kB
SwapTotal:       8393956 kB
SwapFree:        8391460 kB
Dirty:                88 kB
Writeback:             0 kB
AnonPages:       1891752 kB
Mapped:           165060 kB
Shmem:             13672 kB
Slab:             729808 kB
SReclaimable:     688796 kB
SUnreclaim:        41012 kB
KernelStack:        4056 kB
PageTables:        21736 kB
NFS_Unstable:          0 kB
Bounce:                0 kB
WritebackTmp:          0 kB
CommitLimit:    12460700 kB
Committed_AS:    4664796 kB
VmallocTotal:   34359738367 kB
VmallocUsed:      149176 kB
VmallocChunk:   34359586940 kB
HardwareCorrupted:     0 kB
AnonHugePages:         0 kB
HugePages_Total:       0
HugePages_Free:        0
HugePages_Rsvd:        0
HugePages_Surp:        0
Hugepagesize:       2048 kB
DirectMap4k:     7985152 kB
DirectMap2M:      362496 kB


CPU:total 8 (4 cores per cpu, 2 threads per core) family 6 model 42 stepping 7, cmov, cx8, fxsr, mmx, sse, sse2, sse3, ssse3, sse4.1, sse4.2, popcnt, avx, ht, tsc, tscinvbit

/proc/cpuinfo:
processor	: 0
vendor_id	: GenuineIntel
cpu family	: 6
model		: 42
model name	: Intel(R) Core(TM) i7-2600 CPU @ 3.40GHz
stepping	: 7
microcode	: 0x23
cpu MHz		: 1600.000
cache size	: 8192 KB
physical id	: 0
siblings	: 8
core id		: 0
cpu cores	: 4
apicid		: 0
initial apicid	: 0
fpu		: yes
fpu_exception	: yes
cpuid level	: 13
wp		: yes
flags		: fpu vme de pse tsc msr pae mce cx8 apic sep mtrr pge mca cmov pat pse36 clflush dts acpi mmx fxsr sse sse2 ss ht tm pbe syscall nx rdtscp lm constant_tsc arch_perfmon pebs bts rep_good nopl xtopology nonstop_tsc aperfmperf pni pclmulqdq dtes64 monitor ds_cpl vmx smx est tm2 ssse3 cx16 xtpr pdcm pcid sse4_1 sse4_2 x2apic popcnt tsc_deadline_timer aes xsave avx lahf_lm ida arat epb xsaveopt pln pts dtherm tpr_shadow vnmi flexpriority ept vpid
bogomips	: 6784.77
clflush size	: 64
cache_alignment	: 64
address sizes	: 36 bits physical, 48 bits virtual
power management:

processor	: 1
vendor_id	: GenuineIntel
cpu family	: 6
model		: 42
model name	: Intel(R) Core(TM) i7-2600 CPU @ 3.40GHz
stepping	: 7
microcode	: 0x23
cpu MHz		: 1600.000
cache size	: 8192 KB
physical id	: 0
siblings	: 8
core id		: 1
cpu cores	: 4
apicid		: 2
initial apicid	: 2
fpu		: yes
fpu_exception	: yes
cpuid level	: 13
wp		: yes
flags		: fpu vme de pse tsc msr pae mce cx8 apic sep mtrr pge mca cmov pat pse36 clflush dts acpi mmx fxsr sse sse2 ss ht tm pbe syscall nx rdtscp lm constant_tsc arch_perfmon pebs bts rep_good nopl xtopology nonstop_tsc aperfmperf pni pclmulqdq dtes64 monitor ds_cpl vmx smx est tm2 ssse3 cx16 xtpr pdcm pcid sse4_1 sse4_2 x2apic popcnt tsc_deadline_timer aes xsave avx lahf_lm ida arat epb xsaveopt pln pts dtherm tpr_shadow vnmi flexpriority ept vpid
bogomips	: 6784.26
clflush size	: 64
cache_alignment	: 64
address sizes	: 36 bits physical, 48 bits virtual
power management:

processor	: 2
vendor_id	: GenuineIntel
cpu family	: 6
model		: 42
model name	: Intel(R) Core(TM) i7-2600 CPU @ 3.40GHz
stepping	: 7
microcode	: 0x23
cpu MHz		: 1600.000
cache size	: 8192 KB
physical id	: 0
siblings	: 8
core id		: 2
cpu cores	: 4
apicid		: 4
initial apicid	: 4
fpu		: yes
fpu_exception	: yes
cpuid level	: 13
wp		: yes
flags		: fpu vme de pse tsc msr pae mce cx8 apic sep mtrr pge mca cmov pat pse36 clflush dts acpi mmx fxsr sse sse2 ss ht tm pbe syscall nx rdtscp lm constant_tsc arch_perfmon pebs bts rep_good nopl xtopology nonstop_tsc aperfmperf pni pclmulqdq dtes64 monitor ds_cpl vmx smx est tm2 ssse3 cx16 xtpr pdcm pcid sse4_1 sse4_2 x2apic popcnt tsc_deadline_timer aes xsave avx lahf_lm ida arat epb xsaveopt pln pts dtherm tpr_shadow vnmi flexpriority ept vpid
bogomips	: 6784.27
clflush size	: 64
cache_alignment	: 64
address sizes	: 36 bits physical, 48 bits virtual
power management:

processor	: 3
vendor_id	: GenuineIntel
cpu family	: 6
model		: 42
model name	: Intel(R) Core(TM) i7-2600 CPU @ 3.40GHz
stepping	: 7
microcode	: 0x23
cpu MHz		: 1600.000
cache size	: 8192 KB
physical id	: 0
siblings	: 8
core id		: 3
cpu cores	: 4
apicid		: 6
initial apicid	: 6
fpu		: yes
fpu_exception	: yes
cpuid level	: 13
wp		: yes
flags		: fpu vme de pse tsc msr pae mce cx8 apic sep mtrr pge mca cmov pat pse36 clflush dts acpi mmx fxsr sse sse2 ss ht tm pbe syscall nx rdtscp lm constant_tsc arch_perfmon pebs bts rep_good nopl xtopology nonstop_tsc aperfmperf pni pclmulqdq dtes64 monitor ds_cpl vmx smx est tm2 ssse3 cx16 xtpr pdcm pcid sse4_1 sse4_2 x2apic popcnt tsc_deadline_timer aes xsave avx lahf_lm ida arat epb xsaveopt pln pts dtherm tpr_shadow vnmi flexpriority ept vpid
bogomips	: 6784.26
clflush size	: 64
cache_alignment	: 64
address sizes	: 36 bits physical, 48 bits virtual
power management:

processor	: 4
vendor_id	: GenuineIntel
cpu family	: 6
model		: 42
model name	: Intel(R) Core(TM) i7-2600 CPU @ 3.40GHz
stepping	: 7
microcode	: 0x23
cpu MHz		: 1600.000
cache size	: 8192 KB
physical id	: 0
siblings	: 8
core id		: 0
cpu cores	: 4
apicid		: 1
initial apicid	: 1
fpu		: yes
fpu_exception	: yes
cpuid level	: 13
wp		: yes
flags		: fpu vme de pse tsc msr pae mce cx8 apic sep mtrr pge mca cmov pat pse36 clflush dts acpi mmx fxsr sse sse2 ss ht tm pbe syscall nx rdtscp lm constant_tsc arch_perfmon pebs bts rep_good nopl xtopology nonstop_tsc aperfmperf pni pclmulqdq dtes64 monitor ds_cpl vmx smx est tm2 ssse3 cx16 xtpr pdcm pcid sse4_1 sse4_2 x2apic popcnt tsc_deadline_timer aes xsave avx lahf_lm ida arat epb xsaveopt pln pts dtherm tpr_shadow vnmi flexpriority ept vpid
bogomips	: 6784.28
clflush size	: 64
cache_alignment	: 64
address sizes	: 36 bits physical, 48 bits virtual
power management:

processor	: 5
vendor_id	: GenuineIntel
cpu family	: 6
model		: 42
model name	: Intel(R) Core(TM) i7-2600 CPU @ 3.40GHz
stepping	: 7
microcode	: 0x23
cpu MHz		: 1600.000
cache size	: 8192 KB
physical id	: 0
siblings	: 8
core id		: 1
cpu cores	: 4
apicid		: 3
initial apicid	: 3
fpu		: yes
fpu_exception	: yes
cpuid level	: 13
wp		: yes
flags		: fpu vme de pse tsc msr pae mce cx8 apic sep mtrr pge mca cmov pat pse36 clflush dts acpi mmx fxsr sse sse2 ss ht tm pbe syscall nx rdtscp lm constant_tsc arch_perfmon pebs bts rep_good nopl xtopology nonstop_tsc aperfmperf pni pclmulqdq dtes64 monitor ds_cpl vmx smx est tm2 ssse3 cx16 xtpr pdcm pcid sse4_1 sse4_2 x2apic popcnt tsc_deadline_timer aes xsave avx lahf_lm ida arat epb xsaveopt pln pts dtherm tpr_shadow vnmi flexpriority ept vpid
bogomips	: 6784.27
clflush size	: 64
cache_alignment	: 64
address sizes	: 36 bits physical, 48 bits virtual
power management:

processor	: 6
vendor_id	: GenuineIntel
cpu family	: 6
model		: 42
model name	: Intel(R) Core(TM) i7-2600 CPU @ 3.40GHz
stepping	: 7
microcode	: 0x23
cpu MHz		: 1600.000
cache size	: 8192 KB
physical id	: 0
siblings	: 8
core id		: 2
cpu cores	: 4
apicid		: 5
initial apicid	: 5
fpu		: yes
fpu_exception	: yes
cpuid level	: 13
wp		: yes
flags		: fpu vme de pse tsc msr pae mce cx8 apic sep mtrr pge mca cmov pat pse36 clflush dts acpi mmx fxsr sse sse2 ss ht tm pbe syscall nx rdtscp lm constant_tsc arch_perfmon pebs bts rep_good nopl xtopology nonstop_tsc aperfmperf pni pclmulqdq dtes64 monitor ds_cpl vmx smx est tm2 ssse3 cx16 xtpr pdcm pcid sse4_1 sse4_2 x2apic popcnt tsc_deadline_timer aes xsave avx lahf_lm ida arat epb xsaveopt pln pts dtherm tpr_shadow vnmi flexpriority ept vpid
bogomips	: 6784.27
clflush size	: 64
cache_alignment	: 64
address sizes	: 36 bits physical, 48 bits virtual
power management:

processor	: 7
vendor_id	: GenuineIntel
cpu family	: 6
model		: 42
model name	: Intel(R) Core(TM) i7-2600 CPU @ 3.40GHz
stepping	: 7
microcode	: 0x23
cpu MHz		: 2400.000
cache size	: 8192 KB
physical id	: 0
siblings	: 8
core id		: 3
cpu cores	: 4
apicid		: 7
initial apicid	: 7
fpu		: yes
fpu_exception	: yes
cpuid level	: 13
wp		: yes
flags		: fpu vme de pse tsc msr pae mce cx8 apic sep mtrr pge mca cmov pat pse36 clflush dts acpi mmx fxsr sse sse2 ss ht tm pbe syscall nx rdtscp lm constant_tsc arch_perfmon pebs bts rep_good nopl xtopology nonstop_tsc aperfmperf pni pclmulqdq dtes64 monitor ds_cpl vmx smx est tm2 ssse3 cx16 xtpr pdcm pcid sse4_1 sse4_2 x2apic popcnt tsc_deadline_timer aes xsave avx lahf_lm ida arat epb xsaveopt pln pts dtherm tpr_shadow vnmi flexpriority ept vpid
bogomips	: 6784.26
clflush size	: 64
cache_alignment	: 64
address sizes	: 36 bits physical, 48 bits virtual
power management:



Memory: 4k page, physical 8133492k(206772k free), swap 8393956k(8391460k free)

vm_info: OpenJDK 64-Bit Server VM (23.25-b01) for linux-amd64 JRE (1.6.0_30-b30), built on Feb 25 2014 23:11:33 by "buildd" with gcc 4.6.3

time: Sun Mar 16 17:17:48 2014
elapsed time: 0 seconds

