#
# A fatal error has been detected by the Java Runtime Environment:
#
#  Internal Error (javaClasses.cpp:129), pid=18843, tid=140214671406848
#  fatal error: Invalid layout of preloaded class
#
# JRE version: 6.0_30-b30
# Java VM: OpenJDK 64-Bit Server VM (23.25-b01 mixed mode linux-amd64 compressed oops)
# Failed to write core dump. Core dumps have been disabled. To enable core dumping, try "ulimit -c unlimited" before starting Java again
#
# If you would like to submit a bug report, please include
# instructions how to reproduce the bug and visit:
#   https://bugs.launchpad.net/ubuntu/+source/openjdk-6/
#

---------------  T H R E A D  ---------------

Current thread (0x00007f863c009800):  JavaThread "Unknown thread" [_thread_in_vm, id=18844, stack(0x00007f86459e7000,0x00007f8645ae8000)]

Stack: [0x00007f86459e7000,0x00007f8645ae8000],  sp=0x00007f8645ae6940,  free space=1022k
Native frames: (J=compiled Java code, j=interpreted, Vv=VM code, C=native code)
V  [libjvm.so+0x83c569]  VMError::report_and_die()+0x169
V  [libjvm.so+0x3e63a3]  report_fatal(char const*, int, char const*)+0x53
V  [libjvm.so+0x51bd63]  compute_offset(int&, klassOopDesc*, Symbol*, Symbol*, bool)+0x123
V  [libjvm.so+0x51bff1]  java_lang_String::compute_offsets()+0x41
V  [libjvm.so+0x7cb74d]  SystemDictionary::initialize_preloaded_classes(Thread*)+0x3d
V  [libjvm.so+0x818a13]  Universe::genesis(Thread*)+0x443
V  [libjvm.so+0x818ec2]  universe2_init()+0x32
V  [libjvm.so+0x4cfd2a]  init_globals()+0x9a
V  [libjvm.so+0x7fed5c]  Threads::create_vm(JavaVMInitArgs*, bool*)+0x39c
V  [libjvm.so+0x53961a]  JNI_CreateJavaVM+0x5a
C  [java+0x355e]  JavaMain+0x7e


---------------  P R O C E S S  ---------------

Java Threads: ( => current thread )

Other Threads:

=>0x00007f863c009800 (exited) JavaThread "Unknown thread" [_thread_in_vm, id=18844, stack(0x00007f86459e7000,0x00007f8645ae8000)]

VM state:not at safepoint (not fully initialized)

VM Mutex/Monitor currently owned by a thread: None

GC Heap History (0 events):
No events

Deoptimization events (0 events):
No events

Internal exceptions (0 events):
No events

Events (10 events):
Event: 0.016 loading class 0x00007f863c0334a0 done
Event: 0.016 loading class 0x00007f863c032d40 done
Event: 0.016 loading class 0x00007f863c032d10
Event: 0.016 loading class 0x00007f863c0790e0
Event: 0.016 loading class 0x00007f863c0790e0 done
Event: 0.016 loading class 0x00007f863c079120
Event: 0.016 loading class 0x00007f863c079120 done
Event: 0.016 loading class 0x00007f863c079160
Event: 0.016 loading class 0x00007f863c079160 done
Event: 0.016 loading class 0x00007f863c032d10 done


Dynamic libraries:
00400000-00409000 r-xp 00000000 08:01 395358                             /usr/lib/jvm/java-6-openjdk-amd64/jre/bin/java
00608000-00609000 r--p 00008000 08:01 395358                             /usr/lib/jvm/java-6-openjdk-amd64/jre/bin/java
00609000-0060a000 rw-p 00009000 08:01 395358                             /usr/lib/jvm/java-6-openjdk-amd64/jre/bin/java
00fb1000-00fd2000 rw-p 00000000 00:00 0                                  [heap]
779800000-77acc0000 rw-p 00000000 00:00 0 
77acc0000-783e00000 rw-p 00000000 00:00 0 
783e00000-7890c0000 rw-p 00000000 00:00 0 
7890c0000-7d6a00000 rw-p 00000000 00:00 0 
7d6a00000-7d9360000 rw-p 00000000 00:00 0 
7d9360000-800000000 rw-p 00000000 00:00 0 
7f85f7cc0000-7f85fc000000 rw-p 00000000 00:00 0 
7f85fc000000-7f85fc021000 rw-p 00000000 00:00 0 
7f85fc021000-7f8600000000 ---p 00000000 00:00 0 
7f8604000000-7f8604021000 rw-p 00000000 00:00 0 
7f8604021000-7f8608000000 ---p 00000000 00:00 0 
7f860c000000-7f860c021000 rw-p 00000000 00:00 0 
7f860c021000-7f8610000000 ---p 00000000 00:00 0 
7f8614000000-7f8614021000 rw-p 00000000 00:00 0 
7f8614021000-7f8618000000 ---p 00000000 00:00 0 
7f861c000000-7f861c021000 rw-p 00000000 00:00 0 
7f861c021000-7f8620000000 ---p 00000000 00:00 0 
7f8624000000-7f8624021000 rw-p 00000000 00:00 0 
7f8624021000-7f8628000000 ---p 00000000 00:00 0 
7f862c000000-7f862c021000 rw-p 00000000 00:00 0 
7f862c021000-7f8630000000 ---p 00000000 00:00 0 
7f8634000000-7f8634021000 rw-p 00000000 00:00 0 
7f8634021000-7f8638000000 ---p 00000000 00:00 0 
7f8639000000-7f8639270000 rwxp 00000000 00:00 0 
7f8639270000-7f863c07f000 rw-p 00000000 00:00 0 
7f863c07f000-7f8640000000 ---p 00000000 00:00 0 
7f8640500000-7f86406fe000 rw-p 00000000 00:00 0 
7f86406fe000-7f86407c8000 r--s 011ad000 08:01 971023                     /usr/local/stow/android-sdk_r22.0.5/share/android-sdk-linux/platforms/android-18/android.jar
7f86407c8000-7f8641898000 rw-p 00000000 00:00 0 
7f8641898000-7f8641899000 ---p 00000000 00:00 0 
7f8641899000-7f8641999000 rw-p 00000000 00:00 0 
7f8641999000-7f864199a000 ---p 00000000 00:00 0 
7f864199a000-7f8641a9a000 rw-p 00000000 00:00 0 
7f8641a9a000-7f8641a9b000 ---p 00000000 00:00 0 
7f8641a9b000-7f8641b9b000 rw-p 00000000 00:00 0 
7f8641b9b000-7f8641b9c000 ---p 00000000 00:00 0 
7f8641b9c000-7f8641c9c000 rw-p 00000000 00:00 0 
7f8641c9c000-7f8641c9d000 ---p 00000000 00:00 0 
7f8641c9d000-7f8641d9d000 rw-p 00000000 00:00 0 
7f8641d9d000-7f8641d9e000 ---p 00000000 00:00 0 
7f8641d9e000-7f8641e9e000 rw-p 00000000 00:00 0 
7f8641e9e000-7f8641e9f000 ---p 00000000 00:00 0 
7f8641e9f000-7f8641f9f000 rw-p 00000000 00:00 0 
7f8641f9f000-7f8641fa0000 ---p 00000000 00:00 0 
7f8641fa0000-7f86420ab000 rw-p 00000000 00:00 0 
7f86420ab000-7f86420f3000 rw-p 00000000 00:00 0 
7f86420f3000-7f864211d000 rw-p 00000000 00:00 0 
7f864211d000-7f8642389000 rw-p 00000000 00:00 0 
7f8642389000-7f8642394000 rw-p 00000000 00:00 0 
7f8642394000-7f86423dc000 rw-p 00000000 00:00 0 
7f86423dc000-7f8642406000 rw-p 00000000 00:00 0 
7f8642406000-7f8642672000 rw-p 00000000 00:00 0 
7f8642672000-7f8642687000 rw-p 00000000 00:00 0 
7f8642687000-7f86427bd000 rw-p 00000000 00:00 0 
7f86427bd000-7f86427be000 rw-p 00000000 00:00 0 
7f86427be000-7f86427c5000 r-xp 00000000 08:01 525747                     /usr/lib/jvm/java-6-openjdk-amd64/jre/lib/amd64/libzip.so
7f86427c5000-7f86429c4000 ---p 00007000 08:01 525747                     /usr/lib/jvm/java-6-openjdk-amd64/jre/lib/amd64/libzip.so
7f86429c4000-7f86429c5000 r--p 00006000 08:01 525747                     /usr/lib/jvm/java-6-openjdk-amd64/jre/lib/amd64/libzip.so
7f86429c5000-7f86429c6000 rw-p 00007000 08:01 525747                     /usr/lib/jvm/java-6-openjdk-amd64/jre/lib/amd64/libzip.so
7f86429c6000-7f86429d0000 r-xp 00000000 08:01 3167340                    /lib/x86_64-linux-gnu/libnss_nis-2.15.so
7f86429d0000-7f8642bd0000 ---p 0000a000 08:01 3167340                    /lib/x86_64-linux-gnu/libnss_nis-2.15.so
7f8642bd0000-7f8642bd1000 r--p 0000a000 08:01 3167340                    /lib/x86_64-linux-gnu/libnss_nis-2.15.so
7f8642bd1000-7f8642bd2000 rw-p 0000b000 08:01 3167340                    /lib/x86_64-linux-gnu/libnss_nis-2.15.so
7f8642bd2000-7f8642be9000 r-xp 00000000 08:01 3167352                    /lib/x86_64-linux-gnu/libnsl-2.15.so
7f8642be9000-7f8642de8000 ---p 00017000 08:01 3167352                    /lib/x86_64-linux-gnu/libnsl-2.15.so
7f8642de8000-7f8642de9000 r--p 00016000 08:01 3167352                    /lib/x86_64-linux-gnu/libnsl-2.15.so
7f8642de9000-7f8642dea000 rw-p 00017000 08:01 3167352                    /lib/x86_64-linux-gnu/libnsl-2.15.so
7f8642dea000-7f8642dec000 rw-p 00000000 00:00 0 
7f8642dec000-7f8642df9000 r-xp 00000000 08:01 3167345                    /lib/x86_64-linux-gnu/libnss_nisplus-2.15.so
7f8642df9000-7f8642ff8000 ---p 0000d000 08:01 3167345                    /lib/x86_64-linux-gnu/libnss_nisplus-2.15.so
7f8642ff8000-7f8642ff9000 r--p 0000c000 08:01 3167345                    /lib/x86_64-linux-gnu/libnss_nisplus-2.15.so
7f8642ff9000-7f8642ffa000 rw-p 0000d000 08:01 3167345                    /lib/x86_64-linux-gnu/libnss_nisplus-2.15.so
7f8642ffa000-7f8643006000 r-xp 00000000 08:01 3167336                    /lib/x86_64-linux-gnu/libnss_files-2.15.so
7f8643006000-7f8643205000 ---p 0000c000 08:01 3167336                    /lib/x86_64-linux-gnu/libnss_files-2.15.so
7f8643205000-7f8643206000 r--p 0000b000 08:01 3167336                    /lib/x86_64-linux-gnu/libnss_files-2.15.so
7f8643206000-7f8643207000 rw-p 0000c000 08:01 3167336                    /lib/x86_64-linux-gnu/libnss_files-2.15.so
7f8643207000-7f8643234000 r-xp 00000000 08:01 525744                     /usr/lib/jvm/java-6-openjdk-amd64/jre/lib/amd64/libjava.so
7f8643234000-7f8643433000 ---p 0002d000 08:01 525744                     /usr/lib/jvm/java-6-openjdk-amd64/jre/lib/amd64/libjava.so
7f8643433000-7f8643434000 r--p 0002c000 08:01 525744                     /usr/lib/jvm/java-6-openjdk-amd64/jre/lib/amd64/libjava.so
7f8643434000-7f8643437000 rw-p 0002d000 08:01 525744                     /usr/lib/jvm/java-6-openjdk-amd64/jre/lib/amd64/libjava.so
7f8643437000-7f8643445000 r-xp 00000000 08:01 525775                     /usr/lib/jvm/java-6-openjdk-amd64/jre/lib/amd64/libverify.so
7f8643445000-7f8643644000 ---p 0000e000 08:01 525775                     /usr/lib/jvm/java-6-openjdk-amd64/jre/lib/amd64/libverify.so
7f8643644000-7f8643646000 r--p 0000d000 08:01 525775                     /usr/lib/jvm/java-6-openjdk-amd64/jre/lib/amd64/libverify.so
7f8643646000-7f8643647000 rw-p 0000f000 08:01 525775                     /usr/lib/jvm/java-6-openjdk-amd64/jre/lib/amd64/libverify.so
7f8643647000-7f864364e000 r-xp 00000000 08:01 3167339                    /lib/x86_64-linux-gnu/librt-2.15.so
7f864364e000-7f864384d000 ---p 00007000 08:01 3167339                    /lib/x86_64-linux-gnu/librt-2.15.so
7f864384d000-7f864384e000 r--p 00006000 08:01 3167339                    /lib/x86_64-linux-gnu/librt-2.15.so
7f864384e000-7f864384f000 rw-p 00007000 08:01 3167339                    /lib/x86_64-linux-gnu/librt-2.15.so
7f864384f000-7f8643864000 r-xp 00000000 08:01 3164969                    /lib/x86_64-linux-gnu/libgcc_s.so.1
7f8643864000-7f8643a63000 ---p 00015000 08:01 3164969                    /lib/x86_64-linux-gnu/libgcc_s.so.1
7f8643a63000-7f8643a64000 r--p 00014000 08:01 3164969                    /lib/x86_64-linux-gnu/libgcc_s.so.1
7f8643a64000-7f8643a65000 rw-p 00015000 08:01 3164969                    /lib/x86_64-linux-gnu/libgcc_s.so.1
7f8643a65000-7f8643b60000 r-xp 00000000 08:01 3167343                    /lib/x86_64-linux-gnu/libm-2.15.so
7f8643b60000-7f8643d5f000 ---p 000fb000 08:01 3167343                    /lib/x86_64-linux-gnu/libm-2.15.so
7f8643d5f000-7f8643d60000 r--p 000fa000 08:01 3167343                    /lib/x86_64-linux-gnu/libm-2.15.so
7f8643d60000-7f8643d61000 rw-p 000fb000 08:01 3167343                    /lib/x86_64-linux-gnu/libm-2.15.so
7f8643d61000-7f8643e43000 r-xp 00000000 08:01 1345910                    /usr/lib/x86_64-linux-gnu/libstdc++.so.6.0.16
7f8643e43000-7f8644042000 ---p 000e2000 08:01 1345910                    /usr/lib/x86_64-linux-gnu/libstdc++.so.6.0.16
7f8644042000-7f864404a000 r--p 000e1000 08:01 1345910                    /usr/lib/x86_64-linux-gnu/libstdc++.so.6.0.16
7f864404a000-7f864404c000 rw-p 000e9000 08:01 1345910                    /usr/lib/x86_64-linux-gnu/libstdc++.so.6.0.16
7f864404c000-7f8644061000 rw-p 00000000 00:00 0 
7f8644061000-7f8644a36000 r-xp 00000000 08:01 525756                     /usr/lib/jvm/java-6-openjdk-amd64/jre/lib/amd64/server/libjvm.so
7f8644a36000-7f8644c36000 ---p 009d5000 08:01 525756                     /usr/lib/jvm/java-6-openjdk-amd64/jre/lib/amd64/server/libjvm.so
7f8644c36000-7f8644cb5000 r--p 009d5000 08:01 525756                     /usr/lib/jvm/java-6-openjdk-amd64/jre/lib/amd64/server/libjvm.so
7f8644cb5000-7f8644cd8000 rw-p 00a54000 08:01 525756                     /usr/lib/jvm/java-6-openjdk-amd64/jre/lib/amd64/server/libjvm.so
7f8644cd8000-7f8644d02000 rw-p 00000000 00:00 0 
7f8644d02000-7f8644d18000 r-xp 00000000 08:01 3164908                    /lib/x86_64-linux-gnu/libz.so.1.2.3.4
7f8644d18000-7f8644f17000 ---p 00016000 08:01 3164908                    /lib/x86_64-linux-gnu/libz.so.1.2.3.4
7f8644f17000-7f8644f18000 r--p 00015000 08:01 3164908                    /lib/x86_64-linux-gnu/libz.so.1.2.3.4
7f8644f18000-7f8644f19000 rw-p 00016000 08:01 3164908                    /lib/x86_64-linux-gnu/libz.so.1.2.3.4
7f8644f19000-7f86450ce000 r-xp 00000000 08:01 3164896                    /lib/x86_64-linux-gnu/libc-2.15.so
7f86450ce000-7f86452ce000 ---p 001b5000 08:01 3164896                    /lib/x86_64-linux-gnu/libc-2.15.so
7f86452ce000-7f86452d2000 r--p 001b5000 08:01 3164896                    /lib/x86_64-linux-gnu/libc-2.15.so
7f86452d2000-7f86452d4000 rw-p 001b9000 08:01 3164896                    /lib/x86_64-linux-gnu/libc-2.15.so
7f86452d4000-7f86452d9000 rw-p 00000000 00:00 0 
7f86452d9000-7f86452db000 r-xp 00000000 08:01 3167347                    /lib/x86_64-linux-gnu/libdl-2.15.so
7f86452db000-7f86454db000 ---p 00002000 08:01 3167347                    /lib/x86_64-linux-gnu/libdl-2.15.so
7f86454db000-7f86454dc000 r--p 00002000 08:01 3167347                    /lib/x86_64-linux-gnu/libdl-2.15.so
7f86454dc000-7f86454dd000 rw-p 00003000 08:01 3167347                    /lib/x86_64-linux-gnu/libdl-2.15.so
7f86454dd000-7f86454e1000 r-xp 00000000 08:01 525767                     /usr/lib/jvm/java-6-openjdk-amd64/jre/lib/amd64/jli/libjli.so
7f86454e1000-7f86456e0000 ---p 00004000 08:01 525767                     /usr/lib/jvm/java-6-openjdk-amd64/jre/lib/amd64/jli/libjli.so
7f86456e0000-7f86456e1000 r--p 00003000 08:01 525767                     /usr/lib/jvm/java-6-openjdk-amd64/jre/lib/amd64/jli/libjli.so
7f86456e1000-7f86456e2000 rw-p 00004000 08:01 525767                     /usr/lib/jvm/java-6-openjdk-amd64/jre/lib/amd64/jli/libjli.so
7f86456e2000-7f86456fa000 r-xp 00000000 08:01 3167341                    /lib/x86_64-linux-gnu/libpthread-2.15.so
7f86456fa000-7f86458f9000 ---p 00018000 08:01 3167341                    /lib/x86_64-linux-gnu/libpthread-2.15.so
7f86458f9000-7f86458fa000 r--p 00017000 08:01 3167341                    /lib/x86_64-linux-gnu/libpthread-2.15.so
7f86458fa000-7f86458fb000 rw-p 00018000 08:01 3167341                    /lib/x86_64-linux-gnu/libpthread-2.15.so
7f86458fb000-7f86458ff000 rw-p 00000000 00:00 0 
7f86458ff000-7f8645921000 r-xp 00000000 08:01 3167344                    /lib/x86_64-linux-gnu/ld-2.15.so
7f8645927000-7f8645931000 rw-p 00000000 00:00 0 
7f8645931000-7f86459e7000 rw-p 00000000 00:00 0 
7f86459e7000-7f86459ea000 ---p 00000000 00:00 0 
7f86459ea000-7f8645b15000 rw-p 00000000 00:00 0 
7f8645b15000-7f8645b1d000 rw-s 00000000 08:06 128017                     /tmp/hsperfdata_nyushko/18843
7f8645b1d000-7f8645b1e000 rw-p 00000000 00:00 0 
7f8645b1e000-7f8645b1f000 r--p 00000000 00:00 0 
7f8645b1f000-7f8645b21000 rw-p 00000000 00:00 0 
7f8645b21000-7f8645b22000 r--p 00022000 08:01 3167344                    /lib/x86_64-linux-gnu/ld-2.15.so
7f8645b22000-7f8645b24000 rw-p 00023000 08:01 3167344                    /lib/x86_64-linux-gnu/ld-2.15.so
7fffeccf7000-7fffecd18000 rw-p 00000000 00:00 0                          [stack]
7fffecdff000-7fffece00000 r-xp 00000000 00:00 0                          [vdso]
ffffffffff600000-ffffffffff601000 r-xp 00000000 00:00 0                  [vsyscall]

VM Arguments:
jvm_args: -Dfile.encoding=UTF-8 -Xbootclasspath:/usr/local/share/android-sdk-linux/platforms/android-18/android.jar:/usr/local/share/android-sdk-linux/add-ons/addon-google_apis-google-18/libs/effects.jar:/usr/local/share/android-sdk-linux/add-ons/addon-google_apis-google-18/libs/usb.jar:/usr/local/share/android-sdk-linux/add-ons/addon-google_apis-google-18/libs/maps.jar 
java_command: org.eclipse.jdt.internal.junit.runner.RemoteTestRunner -version 3 -port 47504 -testLoaderClass org.eclipse.jdt.internal.junit.runner.junit3.JUnit3TestLoader -loaderpluginname org.eclipse.jdt.junit.runtime -classNames com.example.tests.ElasticSearchTests
Launcher Type: SUN_STANDARD

Environment Variables:
PATH=/usr/local/matlab/bin:/usr/local/sbin:/usr/local/bin:/usr/sbin:/usr/bin:/sbin:/bin:/usr/games
LD_LIBRARY_PATH=/usr/lib/jvm/java-6-openjdk-amd64/jre/lib/amd64/server:/usr/lib/jvm/java-6-openjdk-amd64/jre/lib/amd64:/usr/lib/jvm/java-6-openjdk-amd64/jre/../lib/amd64
SHELL=/bin/bash
DISPLAY=:0.0

Signal Handlers:
SIGSEGV: [libjvm.so+0x83cfe0], sa_mask[0]=0x7ffbfeff, sa_flags=0x10000004
SIGBUS: [libjvm.so+0x83cfe0], sa_mask[0]=0x7ffbfeff, sa_flags=0x10000004
SIGFPE: [libjvm.so+0x6dddf0], sa_mask[0]=0x7ffbfeff, sa_flags=0x10000004
SIGPIPE: [libjvm.so+0x6dddf0], sa_mask[0]=0x7ffbfeff, sa_flags=0x10000004
SIGXFSZ: [libjvm.so+0x6dddf0], sa_mask[0]=0x7ffbfeff, sa_flags=0x10000004
SIGILL: [libjvm.so+0x6dddf0], sa_mask[0]=0x7ffbfeff, sa_flags=0x10000004
SIGUSR1: SIG_DFL, sa_mask[0]=0x00000000, sa_flags=0x00000000
SIGUSR2: [libjvm.so+0x6de230], sa_mask[0]=0x00000004, sa_flags=0x10000004
SIGHUP: SIG_DFL, sa_mask[0]=0x00000000, sa_flags=0x00000000
SIGINT: SIG_DFL, sa_mask[0]=0x00000000, sa_flags=0x00000000
SIGTERM: SIG_DFL, sa_mask[0]=0x00000000, sa_flags=0x00000000
SIGQUIT: SIG_DFL, sa_mask[0]=0x00000000, sa_flags=0x00000000


---------------  S Y S T E M  ---------------

OS:Ubuntu 12.04 (precise)
uname:Linux 3.2.0-59-generic #90-Ubuntu SMP Tue Jan 7 22:43:51 UTC 2014 x86_64
libc:glibc 2.15 NPTL 2.15 
rlimit: STACK 8192k, CORE 0k, NPROC 63384, NOFILE 4096, AS infinity
load average:0.22 0.22 0.23

/proc/meminfo:
MemTotal:        8133492 kB
MemFree:          198796 kB
Buffers:          710260 kB
Cached:          4395320 kB
SwapCached:          300 kB
Active:          3084840 kB
Inactive:        3917792 kB
Active(anon):    1618560 kB
Inactive(anon):   292152 kB
Active(file):    1466280 kB
Inactive(file):  3625640 kB
Unevictable:           0 kB
Mlocked:               0 kB
SwapTotal:       8393956 kB
SwapFree:        8391460 kB
Dirty:                76 kB
Writeback:             0 kB
AnonPages:       1897224 kB
Mapped:           164952 kB
Shmem:             13672 kB
Slab:             729512 kB
SReclaimable:     688748 kB
SUnreclaim:        40764 kB
KernelStack:        4048 kB
PageTables:        21712 kB
NFS_Unstable:          0 kB
Bounce:                0 kB
WritebackTmp:          0 kB
CommitLimit:    12460700 kB
Committed_AS:    4670984 kB
VmallocTotal:   34359738367 kB
VmallocUsed:      149176 kB
VmallocChunk:   34359586940 kB
HardwareCorrupted:     0 kB
AnonHugePages:         0 kB
HugePages_Total:       0
HugePages_Free:        0
HugePages_Rsvd:        0
HugePages_Surp:        0
Hugepagesize:       2048 kB
DirectMap4k:     7985152 kB
DirectMap2M:      362496 kB


CPU:total 8 (4 cores per cpu, 2 threads per core) family 6 model 42 stepping 7, cmov, cx8, fxsr, mmx, sse, sse2, sse3, ssse3, sse4.1, sse4.2, popcnt, avx, ht, tsc, tscinvbit

/proc/cpuinfo:
processor	: 0
vendor_id	: GenuineIntel
cpu family	: 6
model		: 42
model name	: Intel(R) Core(TM) i7-2600 CPU @ 3.40GHz
stepping	: 7
microcode	: 0x23
cpu MHz		: 2400.000
cache size	: 8192 KB
physical id	: 0
siblings	: 8
core id		: 0
cpu cores	: 4
apicid		: 0
initial apicid	: 0
fpu		: yes
fpu_exception	: yes
cpuid level	: 13
wp		: yes
flags		: fpu vme de pse tsc msr pae mce cx8 apic sep mtrr pge mca cmov pat pse36 clflush dts acpi mmx fxsr sse sse2 ss ht tm pbe syscall nx rdtscp lm constant_tsc arch_perfmon pebs bts rep_good nopl xtopology nonstop_tsc aperfmperf pni pclmulqdq dtes64 monitor ds_cpl vmx smx est tm2 ssse3 cx16 xtpr pdcm pcid sse4_1 sse4_2 x2apic popcnt tsc_deadline_timer aes xsave avx lahf_lm ida arat epb xsaveopt pln pts dtherm tpr_shadow vnmi flexpriority ept vpid
bogomips	: 6784.77
clflush size	: 64
cache_alignment	: 64
address sizes	: 36 bits physical, 48 bits virtual
power management:

processor	: 1
vendor_id	: GenuineIntel
cpu family	: 6
model		: 42
model name	: Intel(R) Core(TM) i7-2600 CPU @ 3.40GHz
stepping	: 7
microcode	: 0x23
cpu MHz		: 1600.000
cache size	: 8192 KB
physical id	: 0
siblings	: 8
core id		: 1
cpu cores	: 4
apicid		: 2
initial apicid	: 2
fpu		: yes
fpu_exception	: yes
cpuid level	: 13
wp		: yes
flags		: fpu vme de pse tsc msr pae mce cx8 apic sep mtrr pge mca cmov pat pse36 clflush dts acpi mmx fxsr sse sse2 ss ht tm pbe syscall nx rdtscp lm constant_tsc arch_perfmon pebs bts rep_good nopl xtopology nonstop_tsc aperfmperf pni pclmulqdq dtes64 monitor ds_cpl vmx smx est tm2 ssse3 cx16 xtpr pdcm pcid sse4_1 sse4_2 x2apic popcnt tsc_deadline_timer aes xsave avx lahf_lm ida arat epb xsaveopt pln pts dtherm tpr_shadow vnmi flexpriority ept vpid
bogomips	: 6784.26
clflush size	: 64
cache_alignment	: 64
address sizes	: 36 bits physical, 48 bits virtual
power management:

processor	: 2
vendor_id	: GenuineIntel
cpu family	: 6
model		: 42
model name	: Intel(R) Core(TM) i7-2600 CPU @ 3.40GHz
stepping	: 7
microcode	: 0x23
cpu MHz		: 1600.000
cache size	: 8192 KB
physical id	: 0
siblings	: 8
core id		: 2
cpu cores	: 4
apicid		: 4
initial apicid	: 4
fpu		: yes
fpu_exception	: yes
cpuid level	: 13
wp		: yes
flags		: fpu vme de pse tsc msr pae mce cx8 apic sep mtrr pge mca cmov pat pse36 clflush dts acpi mmx fxsr sse sse2 ss ht tm pbe syscall nx rdtscp lm constant_tsc arch_perfmon pebs bts rep_good nopl xtopology nonstop_tsc aperfmperf pni pclmulqdq dtes64 monitor ds_cpl vmx smx est tm2 ssse3 cx16 xtpr pdcm pcid sse4_1 sse4_2 x2apic popcnt tsc_deadline_timer aes xsave avx lahf_lm ida arat epb xsaveopt pln pts dtherm tpr_shadow vnmi flexpriority ept vpid
bogomips	: 6784.27
clflush size	: 64
cache_alignment	: 64
address sizes	: 36 bits physical, 48 bits virtual
power management:

processor	: 3
vendor_id	: GenuineIntel
cpu family	: 6
model		: 42
model name	: Intel(R) Core(TM) i7-2600 CPU @ 3.40GHz
stepping	: 7
microcode	: 0x23
cpu MHz		: 1600.000
cache size	: 8192 KB
physical id	: 0
siblings	: 8
core id		: 3
cpu cores	: 4
apicid		: 6
initial apicid	: 6
fpu		: yes
fpu_exception	: yes
cpuid level	: 13
wp		: yes
flags		: fpu vme de pse tsc msr pae mce cx8 apic sep mtrr pge mca cmov pat pse36 clflush dts acpi mmx fxsr sse sse2 ss ht tm pbe syscall nx rdtscp lm constant_tsc arch_perfmon pebs bts rep_good nopl xtopology nonstop_tsc aperfmperf pni pclmulqdq dtes64 monitor ds_cpl vmx smx est tm2 ssse3 cx16 xtpr pdcm pcid sse4_1 sse4_2 x2apic popcnt tsc_deadline_timer aes xsave avx lahf_lm ida arat epb xsaveopt pln pts dtherm tpr_shadow vnmi flexpriority ept vpid
bogomips	: 6784.26
clflush size	: 64
cache_alignment	: 64
address sizes	: 36 bits physical, 48 bits virtual
power management:

processor	: 4
vendor_id	: GenuineIntel
cpu family	: 6
model		: 42
model name	: Intel(R) Core(TM) i7-2600 CPU @ 3.40GHz
stepping	: 7
microcode	: 0x23
cpu MHz		: 1600.000
cache size	: 8192 KB
physical id	: 0
siblings	: 8
core id		: 0
cpu cores	: 4
apicid		: 1
initial apicid	: 1
fpu		: yes
fpu_exception	: yes
cpuid level	: 13
wp		: yes
flags		: fpu vme de pse tsc msr pae mce cx8 apic sep mtrr pge mca cmov pat pse36 clflush dts acpi mmx fxsr sse sse2 ss ht tm pbe syscall nx rdtscp lm constant_tsc arch_perfmon pebs bts rep_good nopl xtopology nonstop_tsc aperfmperf pni pclmulqdq dtes64 monitor ds_cpl vmx smx est tm2 ssse3 cx16 xtpr pdcm pcid sse4_1 sse4_2 x2apic popcnt tsc_deadline_timer aes xsave avx lahf_lm ida arat epb xsaveopt pln pts dtherm tpr_shadow vnmi flexpriority ept vpid
bogomips	: 6784.28
clflush size	: 64
cache_alignment	: 64
address sizes	: 36 bits physical, 48 bits virtual
power management:

processor	: 5
vendor_id	: GenuineIntel
cpu family	: 6
model		: 42
model name	: Intel(R) Core(TM) i7-2600 CPU @ 3.40GHz
stepping	: 7
microcode	: 0x23
cpu MHz		: 1600.000
cache size	: 8192 KB
physical id	: 0
siblings	: 8
core id		: 1
cpu cores	: 4
apicid		: 3
initial apicid	: 3
fpu		: yes
fpu_exception	: yes
cpuid level	: 13
wp		: yes
flags		: fpu vme de pse tsc msr pae mce cx8 apic sep mtrr pge mca cmov pat pse36 clflush dts acpi mmx fxsr sse sse2 ss ht tm pbe syscall nx rdtscp lm constant_tsc arch_perfmon pebs bts rep_good nopl xtopology nonstop_tsc aperfmperf pni pclmulqdq dtes64 monitor ds_cpl vmx smx est tm2 ssse3 cx16 xtpr pdcm pcid sse4_1 sse4_2 x2apic popcnt tsc_deadline_timer aes xsave avx lahf_lm ida arat epb xsaveopt pln pts dtherm tpr_shadow vnmi flexpriority ept vpid
bogomips	: 6784.27
clflush size	: 64
cache_alignment	: 64
address sizes	: 36 bits physical, 48 bits virtual
power management:

processor	: 6
vendor_id	: GenuineIntel
cpu family	: 6
model		: 42
model name	: Intel(R) Core(TM) i7-2600 CPU @ 3.40GHz
stepping	: 7
microcode	: 0x23
cpu MHz		: 1600.000
cache size	: 8192 KB
physical id	: 0
siblings	: 8
core id		: 2
cpu cores	: 4
apicid		: 5
initial apicid	: 5
fpu		: yes
fpu_exception	: yes
cpuid level	: 13
wp		: yes
flags		: fpu vme de pse tsc msr pae mce cx8 apic sep mtrr pge mca cmov pat pse36 clflush dts acpi mmx fxsr sse sse2 ss ht tm pbe syscall nx rdtscp lm constant_tsc arch_perfmon pebs bts rep_good nopl xtopology nonstop_tsc aperfmperf pni pclmulqdq dtes64 monitor ds_cpl vmx smx est tm2 ssse3 cx16 xtpr pdcm pcid sse4_1 sse4_2 x2apic popcnt tsc_deadline_timer aes xsave avx lahf_lm ida arat epb xsaveopt pln pts dtherm tpr_shadow vnmi flexpriority ept vpid
bogomips	: 6784.27
clflush size	: 64
cache_alignment	: 64
address sizes	: 36 bits physical, 48 bits virtual
power management:

processor	: 7
vendor_id	: GenuineIntel
cpu family	: 6
model		: 42
model name	: Intel(R) Core(TM) i7-2600 CPU @ 3.40GHz
stepping	: 7
microcode	: 0x23
cpu MHz		: 1600.000
cache size	: 8192 KB
physical id	: 0
siblings	: 8
core id		: 3
cpu cores	: 4
apicid		: 7
initial apicid	: 7
fpu		: yes
fpu_exception	: yes
cpuid level	: 13
wp		: yes
flags		: fpu vme de pse tsc msr pae mce cx8 apic sep mtrr pge mca cmov pat pse36 clflush dts acpi mmx fxsr sse sse2 ss ht tm pbe syscall nx rdtscp lm constant_tsc arch_perfmon pebs bts rep_good nopl xtopology nonstop_tsc aperfmperf pni pclmulqdq dtes64 monitor ds_cpl vmx smx est tm2 ssse3 cx16 xtpr pdcm pcid sse4_1 sse4_2 x2apic popcnt tsc_deadline_timer aes xsave avx lahf_lm ida arat epb xsaveopt pln pts dtherm tpr_shadow vnmi flexpriority ept vpid
bogomips	: 6784.26
clflush size	: 64
cache_alignment	: 64
address sizes	: 36 bits physical, 48 bits virtual
power management:



Memory: 4k page, physical 8133492k(198796k free), swap 8393956k(8391460k free)

vm_info: OpenJDK 64-Bit Server VM (23.25-b01) for linux-amd64 JRE (1.6.0_30-b30), built on Feb 25 2014 23:11:33 by "buildd" with gcc 4.6.3

time: Sun Mar 16 17:16:50 2014
elapsed time: 0 seconds

