#
# A fatal error has been detected by the Java Runtime Environment:
#
#  Internal Error (javaClasses.cpp:129), pid=19001, tid=140508828768000
#  fatal error: Invalid layout of preloaded class
#
# JRE version: 6.0_30-b30
# Java VM: OpenJDK 64-Bit Server VM (23.25-b01 mixed mode linux-amd64 compressed oops)
# Failed to write core dump. Core dumps have been disabled. To enable core dumping, try "ulimit -c unlimited" before starting Java again
#
# If you would like to submit a bug report, please include
# instructions how to reproduce the bug and visit:
#   https://bugs.launchpad.net/ubuntu/+source/openjdk-6/
#

---------------  T H R E A D  ---------------

Current thread (0x00007fcabc009800):  JavaThread "Unknown thread" [_thread_in_vm, id=19007, stack(0x00007fcac2c39000,0x00007fcac2d3a000)]

Stack: [0x00007fcac2c39000,0x00007fcac2d3a000],  sp=0x00007fcac2d38940,  free space=1022k
Native frames: (J=compiled Java code, j=interpreted, Vv=VM code, C=native code)
V  [libjvm.so+0x83c569]  VMError::report_and_die()+0x169
V  [libjvm.so+0x3e63a3]  report_fatal(char const*, int, char const*)+0x53
V  [libjvm.so+0x51bd63]  compute_offset(int&, klassOopDesc*, Symbol*, Symbol*, bool)+0x123
V  [libjvm.so+0x51bff1]  java_lang_String::compute_offsets()+0x41
V  [libjvm.so+0x7cb74d]  SystemDictionary::initialize_preloaded_classes(Thread*)+0x3d
V  [libjvm.so+0x818a13]  Universe::genesis(Thread*)+0x443
V  [libjvm.so+0x818ec2]  universe2_init()+0x32
V  [libjvm.so+0x4cfd2a]  init_globals()+0x9a
V  [libjvm.so+0x7fed5c]  Threads::create_vm(JavaVMInitArgs*, bool*)+0x39c
V  [libjvm.so+0x53961a]  JNI_CreateJavaVM+0x5a
C  [java+0x355e]  JavaMain+0x7e


---------------  P R O C E S S  ---------------

Java Threads: ( => current thread )

Other Threads:

=>0x00007fcabc009800 (exited) JavaThread "Unknown thread" [_thread_in_vm, id=19007, stack(0x00007fcac2c39000,0x00007fcac2d3a000)]

VM state:not at safepoint (not fully initialized)

VM Mutex/Monitor currently owned by a thread: None

GC Heap History (0 events):
No events

Deoptimization events (0 events):
No events

Internal exceptions (0 events):
No events

Events (10 events):
Event: 0.010 loading class 0x00007fcabc0334a0 done
Event: 0.010 loading class 0x00007fcabc032d40 done
Event: 0.010 loading class 0x00007fcabc032d10
Event: 0.010 loading class 0x00007fcabc0790e0
Event: 0.010 loading class 0x00007fcabc0790e0 done
Event: 0.010 loading class 0x00007fcabc079120
Event: 0.010 loading class 0x00007fcabc079120 done
Event: 0.010 loading class 0x00007fcabc079160
Event: 0.010 loading class 0x00007fcabc079160 done
Event: 0.011 loading class 0x00007fcabc032d10 done


Dynamic libraries:
00400000-00409000 r-xp 00000000 08:01 395358                             /usr/lib/jvm/java-6-openjdk-amd64/jre/bin/java
00608000-00609000 r--p 00008000 08:01 395358                             /usr/lib/jvm/java-6-openjdk-amd64/jre/bin/java
00609000-0060a000 rw-p 00009000 08:01 395358                             /usr/lib/jvm/java-6-openjdk-amd64/jre/bin/java
01594000-015b5000 rw-p 00000000 00:00 0                                  [heap]
779800000-77acc0000 rw-p 00000000 00:00 0 
77acc0000-783e00000 rw-p 00000000 00:00 0 
783e00000-7890c0000 rw-p 00000000 00:00 0 
7890c0000-7d6a00000 rw-p 00000000 00:00 0 
7d6a00000-7d9360000 rw-p 00000000 00:00 0 
7d9360000-800000000 rw-p 00000000 00:00 0 
7fca73cc0000-7fca78000000 rw-p 00000000 00:00 0 
7fca78000000-7fca78021000 rw-p 00000000 00:00 0 
7fca78021000-7fca7c000000 ---p 00000000 00:00 0 
7fca80000000-7fca80021000 rw-p 00000000 00:00 0 
7fca80021000-7fca84000000 ---p 00000000 00:00 0 
7fca88000000-7fca88021000 rw-p 00000000 00:00 0 
7fca88021000-7fca8c000000 ---p 00000000 00:00 0 
7fca90000000-7fca90021000 rw-p 00000000 00:00 0 
7fca90021000-7fca94000000 ---p 00000000 00:00 0 
7fca98000000-7fca98021000 rw-p 00000000 00:00 0 
7fca98021000-7fca9c000000 ---p 00000000 00:00 0 
7fcaa0000000-7fcaa0021000 rw-p 00000000 00:00 0 
7fcaa0021000-7fcaa4000000 ---p 00000000 00:00 0 
7fcaa8000000-7fcaa8021000 rw-p 00000000 00:00 0 
7fcaa8021000-7fcaac000000 ---p 00000000 00:00 0 
7fcab0000000-7fcab0021000 rw-p 00000000 00:00 0 
7fcab0021000-7fcab4000000 ---p 00000000 00:00 0 
7fcab6714000-7fcab6912000 rw-p 00000000 00:00 0 
7fcab6912000-7fcab69dc000 r--s 011ad000 08:01 971023                     /usr/local/stow/android-sdk_r22.0.5/share/android-sdk-linux/platforms/android-18/android.jar
7fcab69dc000-7fcab7aac000 rw-p 00000000 00:00 0 
7fcab7aac000-7fcab7aad000 ---p 00000000 00:00 0 
7fcab7aad000-7fcab7bad000 rw-p 00000000 00:00 0 
7fcab7bad000-7fcab7bae000 ---p 00000000 00:00 0 
7fcab7bae000-7fcab7cae000 rw-p 00000000 00:00 0 
7fcab7cae000-7fcab7caf000 ---p 00000000 00:00 0 
7fcab7caf000-7fcab7daf000 rw-p 00000000 00:00 0 
7fcab7daf000-7fcab7db0000 ---p 00000000 00:00 0 
7fcab7db0000-7fcab7eb0000 rw-p 00000000 00:00 0 
7fcab7eb0000-7fcab7eb1000 ---p 00000000 00:00 0 
7fcab7eb1000-7fcab7fb1000 rw-p 00000000 00:00 0 
7fcab7fb1000-7fcab7fb2000 ---p 00000000 00:00 0 
7fcab7fb2000-7fcab80b2000 rw-p 00000000 00:00 0 
7fcab80b2000-7fcab80b3000 ---p 00000000 00:00 0 
7fcab80b3000-7fcab81b3000 rw-p 00000000 00:00 0 
7fcab81b3000-7fcab81b4000 ---p 00000000 00:00 0 
7fcab81b4000-7fcab82bf000 rw-p 00000000 00:00 0 
7fcab82bf000-7fcab8307000 rw-p 00000000 00:00 0 
7fcab8307000-7fcab8331000 rw-p 00000000 00:00 0 
7fcab8331000-7fcab859d000 rw-p 00000000 00:00 0 
7fcab859d000-7fcab85a8000 rw-p 00000000 00:00 0 
7fcab85a8000-7fcab85f0000 rw-p 00000000 00:00 0 
7fcab85f0000-7fcab861a000 rw-p 00000000 00:00 0 
7fcab861a000-7fcab8886000 rw-p 00000000 00:00 0 
7fcab8886000-7fcab889b000 rw-p 00000000 00:00 0 
7fcab889b000-7fcab89d1000 rw-p 00000000 00:00 0 
7fcab89d1000-7fcab89d2000 rw-p 00000000 00:00 0 
7fcab89d2000-7fcab8c42000 rwxp 00000000 00:00 0 
7fcab8c42000-7fcabb9d2000 rw-p 00000000 00:00 0 
7fcabb9d2000-7fcabb9d9000 r-xp 00000000 08:01 525747                     /usr/lib/jvm/java-6-openjdk-amd64/jre/lib/amd64/libzip.so
7fcabb9d9000-7fcabbbd8000 ---p 00007000 08:01 525747                     /usr/lib/jvm/java-6-openjdk-amd64/jre/lib/amd64/libzip.so
7fcabbbd8000-7fcabbbd9000 r--p 00006000 08:01 525747                     /usr/lib/jvm/java-6-openjdk-amd64/jre/lib/amd64/libzip.so
7fcabbbd9000-7fcabbbda000 rw-p 00007000 08:01 525747                     /usr/lib/jvm/java-6-openjdk-amd64/jre/lib/amd64/libzip.so
7fcabbbda000-7fcabbbe4000 r-xp 00000000 08:01 3167340                    /lib/x86_64-linux-gnu/libnss_nis-2.15.so
7fcabbbe4000-7fcabbde4000 ---p 0000a000 08:01 3167340                    /lib/x86_64-linux-gnu/libnss_nis-2.15.so
7fcabbde4000-7fcabbde5000 r--p 0000a000 08:01 3167340                    /lib/x86_64-linux-gnu/libnss_nis-2.15.so
7fcabbde5000-7fcabbde6000 rw-p 0000b000 08:01 3167340                    /lib/x86_64-linux-gnu/libnss_nis-2.15.so
7fcabbde6000-7fcabbdfd000 r-xp 00000000 08:01 3167352                    /lib/x86_64-linux-gnu/libnsl-2.15.so
7fcabbdfd000-7fcabbffc000 ---p 00017000 08:01 3167352                    /lib/x86_64-linux-gnu/libnsl-2.15.so
7fcabbffc000-7fcabbffd000 r--p 00016000 08:01 3167352                    /lib/x86_64-linux-gnu/libnsl-2.15.so
7fcabbffd000-7fcabbffe000 rw-p 00017000 08:01 3167352                    /lib/x86_64-linux-gnu/libnsl-2.15.so
7fcabbffe000-7fcabc000000 rw-p 00000000 00:00 0 
7fcabc000000-7fcabc07f000 rw-p 00000000 00:00 0 
7fcabc07f000-7fcac0000000 ---p 00000000 00:00 0 
7fcac003e000-7fcac004b000 r-xp 00000000 08:01 3167345                    /lib/x86_64-linux-gnu/libnss_nisplus-2.15.so
7fcac004b000-7fcac024a000 ---p 0000d000 08:01 3167345                    /lib/x86_64-linux-gnu/libnss_nisplus-2.15.so
7fcac024a000-7fcac024b000 r--p 0000c000 08:01 3167345                    /lib/x86_64-linux-gnu/libnss_nisplus-2.15.so
7fcac024b000-7fcac024c000 rw-p 0000d000 08:01 3167345                    /lib/x86_64-linux-gnu/libnss_nisplus-2.15.so
7fcac024c000-7fcac0258000 r-xp 00000000 08:01 3167336                    /lib/x86_64-linux-gnu/libnss_files-2.15.so
7fcac0258000-7fcac0457000 ---p 0000c000 08:01 3167336                    /lib/x86_64-linux-gnu/libnss_files-2.15.so
7fcac0457000-7fcac0458000 r--p 0000b000 08:01 3167336                    /lib/x86_64-linux-gnu/libnss_files-2.15.so
7fcac0458000-7fcac0459000 rw-p 0000c000 08:01 3167336                    /lib/x86_64-linux-gnu/libnss_files-2.15.so
7fcac0459000-7fcac0486000 r-xp 00000000 08:01 525744                     /usr/lib/jvm/java-6-openjdk-amd64/jre/lib/amd64/libjava.so
7fcac0486000-7fcac0685000 ---p 0002d000 08:01 525744                     /usr/lib/jvm/java-6-openjdk-amd64/jre/lib/amd64/libjava.so
7fcac0685000-7fcac0686000 r--p 0002c000 08:01 525744                     /usr/lib/jvm/java-6-openjdk-amd64/jre/lib/amd64/libjava.so
7fcac0686000-7fcac0689000 rw-p 0002d000 08:01 525744                     /usr/lib/jvm/java-6-openjdk-amd64/jre/lib/amd64/libjava.so
7fcac0689000-7fcac0697000 r-xp 00000000 08:01 525775                     /usr/lib/jvm/java-6-openjdk-amd64/jre/lib/amd64/libverify.so
7fcac0697000-7fcac0896000 ---p 0000e000 08:01 525775                     /usr/lib/jvm/java-6-openjdk-amd64/jre/lib/amd64/libverify.so
7fcac0896000-7fcac0898000 r--p 0000d000 08:01 525775                     /usr/lib/jvm/java-6-openjdk-amd64/jre/lib/amd64/libverify.so
7fcac0898000-7fcac0899000 rw-p 0000f000 08:01 525775                     /usr/lib/jvm/java-6-openjdk-amd64/jre/lib/amd64/libverify.so
7fcac0899000-7fcac08a0000 r-xp 00000000 08:01 3167339                    /lib/x86_64-linux-gnu/librt-2.15.so
7fcac08a0000-7fcac0a9f000 ---p 00007000 08:01 3167339                    /lib/x86_64-linux-gnu/librt-2.15.so
7fcac0a9f000-7fcac0aa0000 r--p 00006000 08:01 3167339                    /lib/x86_64-linux-gnu/librt-2.15.so
7fcac0aa0000-7fcac0aa1000 rw-p 00007000 08:01 3167339                    /lib/x86_64-linux-gnu/librt-2.15.so
7fcac0aa1000-7fcac0ab6000 r-xp 00000000 08:01 3164969                    /lib/x86_64-linux-gnu/libgcc_s.so.1
7fcac0ab6000-7fcac0cb5000 ---p 00015000 08:01 3164969                    /lib/x86_64-linux-gnu/libgcc_s.so.1
7fcac0cb5000-7fcac0cb6000 r--p 00014000 08:01 3164969                    /lib/x86_64-linux-gnu/libgcc_s.so.1
7fcac0cb6000-7fcac0cb7000 rw-p 00015000 08:01 3164969                    /lib/x86_64-linux-gnu/libgcc_s.so.1
7fcac0cb7000-7fcac0db2000 r-xp 00000000 08:01 3167343                    /lib/x86_64-linux-gnu/libm-2.15.so
7fcac0db2000-7fcac0fb1000 ---p 000fb000 08:01 3167343                    /lib/x86_64-linux-gnu/libm-2.15.so
7fcac0fb1000-7fcac0fb2000 r--p 000fa000 08:01 3167343                    /lib/x86_64-linux-gnu/libm-2.15.so
7fcac0fb2000-7fcac0fb3000 rw-p 000fb000 08:01 3167343                    /lib/x86_64-linux-gnu/libm-2.15.so
7fcac0fb3000-7fcac1095000 r-xp 00000000 08:01 1345910                    /usr/lib/x86_64-linux-gnu/libstdc++.so.6.0.16
7fcac1095000-7fcac1294000 ---p 000e2000 08:01 1345910                    /usr/lib/x86_64-linux-gnu/libstdc++.so.6.0.16
7fcac1294000-7fcac129c000 r--p 000e1000 08:01 1345910                    /usr/lib/x86_64-linux-gnu/libstdc++.so.6.0.16
7fcac129c000-7fcac129e000 rw-p 000e9000 08:01 1345910                    /usr/lib/x86_64-linux-gnu/libstdc++.so.6.0.16
7fcac129e000-7fcac12b3000 rw-p 00000000 00:00 0 
7fcac12b3000-7fcac1c88000 r-xp 00000000 08:01 525756                     /usr/lib/jvm/java-6-openjdk-amd64/jre/lib/amd64/server/libjvm.so
7fcac1c88000-7fcac1e88000 ---p 009d5000 08:01 525756                     /usr/lib/jvm/java-6-openjdk-amd64/jre/lib/amd64/server/libjvm.so
7fcac1e88000-7fcac1f07000 r--p 009d5000 08:01 525756                     /usr/lib/jvm/java-6-openjdk-amd64/jre/lib/amd64/server/libjvm.so
7fcac1f07000-7fcac1f2a000 rw-p 00a54000 08:01 525756                     /usr/lib/jvm/java-6-openjdk-amd64/jre/lib/amd64/server/libjvm.so
7fcac1f2a000-7fcac1f54000 rw-p 00000000 00:00 0 
7fcac1f54000-7fcac1f6a000 r-xp 00000000 08:01 3164908                    /lib/x86_64-linux-gnu/libz.so.1.2.3.4
7fcac1f6a000-7fcac2169000 ---p 00016000 08:01 3164908                    /lib/x86_64-linux-gnu/libz.so.1.2.3.4
7fcac2169000-7fcac216a000 r--p 00015000 08:01 3164908                    /lib/x86_64-linux-gnu/libz.so.1.2.3.4
7fcac216a000-7fcac216b000 rw-p 00016000 08:01 3164908                    /lib/x86_64-linux-gnu/libz.so.1.2.3.4
7fcac216b000-7fcac2320000 r-xp 00000000 08:01 3164896                    /lib/x86_64-linux-gnu/libc-2.15.so
7fcac2320000-7fcac2520000 ---p 001b5000 08:01 3164896                    /lib/x86_64-linux-gnu/libc-2.15.so
7fcac2520000-7fcac2524000 r--p 001b5000 08:01 3164896                    /lib/x86_64-linux-gnu/libc-2.15.so
7fcac2524000-7fcac2526000 rw-p 001b9000 08:01 3164896                    /lib/x86_64-linux-gnu/libc-2.15.so
7fcac2526000-7fcac252b000 rw-p 00000000 00:00 0 
7fcac252b000-7fcac252d000 r-xp 00000000 08:01 3167347                    /lib/x86_64-linux-gnu/libdl-2.15.so
7fcac252d000-7fcac272d000 ---p 00002000 08:01 3167347                    /lib/x86_64-linux-gnu/libdl-2.15.so
7fcac272d000-7fcac272e000 r--p 00002000 08:01 3167347                    /lib/x86_64-linux-gnu/libdl-2.15.so
7fcac272e000-7fcac272f000 rw-p 00003000 08:01 3167347                    /lib/x86_64-linux-gnu/libdl-2.15.so
7fcac272f000-7fcac2733000 r-xp 00000000 08:01 525767                     /usr/lib/jvm/java-6-openjdk-amd64/jre/lib/amd64/jli/libjli.so
7fcac2733000-7fcac2932000 ---p 00004000 08:01 525767                     /usr/lib/jvm/java-6-openjdk-amd64/jre/lib/amd64/jli/libjli.so
7fcac2932000-7fcac2933000 r--p 00003000 08:01 525767                     /usr/lib/jvm/java-6-openjdk-amd64/jre/lib/amd64/jli/libjli.so
7fcac2933000-7fcac2934000 rw-p 00004000 08:01 525767                     /usr/lib/jvm/java-6-openjdk-amd64/jre/lib/amd64/jli/libjli.so
7fcac2934000-7fcac294c000 r-xp 00000000 08:01 3167341                    /lib/x86_64-linux-gnu/libpthread-2.15.so
7fcac294c000-7fcac2b4b000 ---p 00018000 08:01 3167341                    /lib/x86_64-linux-gnu/libpthread-2.15.so
7fcac2b4b000-7fcac2b4c000 r--p 00017000 08:01 3167341                    /lib/x86_64-linux-gnu/libpthread-2.15.so
7fcac2b4c000-7fcac2b4d000 rw-p 00018000 08:01 3167341                    /lib/x86_64-linux-gnu/libpthread-2.15.so
7fcac2b4d000-7fcac2b51000 rw-p 00000000 00:00 0 
7fcac2b51000-7fcac2b73000 r-xp 00000000 08:01 3167344                    /lib/x86_64-linux-gnu/ld-2.15.so
7fcac2b79000-7fcac2b83000 rw-p 00000000 00:00 0 
7fcac2b83000-7fcac2c39000 rw-p 00000000 00:00 0 
7fcac2c39000-7fcac2c3c000 ---p 00000000 00:00 0 
7fcac2c3c000-7fcac2d67000 rw-p 00000000 00:00 0 
7fcac2d67000-7fcac2d6f000 rw-s 00000000 08:06 128017                     /tmp/hsperfdata_nyushko/19001
7fcac2d6f000-7fcac2d70000 rw-p 00000000 00:00 0 
7fcac2d70000-7fcac2d71000 r--p 00000000 00:00 0 
7fcac2d71000-7fcac2d73000 rw-p 00000000 00:00 0 
7fcac2d73000-7fcac2d74000 r--p 00022000 08:01 3167344                    /lib/x86_64-linux-gnu/ld-2.15.so
7fcac2d74000-7fcac2d76000 rw-p 00023000 08:01 3167344                    /lib/x86_64-linux-gnu/ld-2.15.so
7fffa69c7000-7fffa69e8000 rw-p 00000000 00:00 0                          [stack]
7fffa69ff000-7fffa6a00000 r-xp 00000000 00:00 0                          [vdso]
ffffffffff600000-ffffffffff601000 r-xp 00000000 00:00 0                  [vsyscall]

VM Arguments:
jvm_args: -Dfile.encoding=UTF-8 -Xbootclasspath:/usr/local/share/android-sdk-linux/platforms/android-18/android.jar:/usr/local/share/android-sdk-linux/add-ons/addon-google_apis-google-18/libs/effects.jar:/usr/local/share/android-sdk-linux/add-ons/addon-google_apis-google-18/libs/usb.jar:/usr/local/share/android-sdk-linux/add-ons/addon-google_apis-google-18/libs/maps.jar 
java_command: org.eclipse.jdt.internal.junit.runner.RemoteTestRunner -version 3 -port 46873 -testLoaderClass org.eclipse.jdt.internal.junit.runner.junit3.JUnit3TestLoader -loaderpluginname org.eclipse.jdt.junit.runtime -classNames com.example.tests.ElasticSearchTests
Launcher Type: SUN_STANDARD

Environment Variables:
PATH=/usr/local/matlab/bin:/usr/local/sbin:/usr/local/bin:/usr/sbin:/usr/bin:/sbin:/bin:/usr/games
LD_LIBRARY_PATH=/usr/lib/jvm/java-6-openjdk-amd64/jre/lib/amd64/server:/usr/lib/jvm/java-6-openjdk-amd64/jre/lib/amd64:/usr/lib/jvm/java-6-openjdk-amd64/jre/../lib/amd64
SHELL=/bin/bash
DISPLAY=:0.0

Signal Handlers:
SIGSEGV: [libjvm.so+0x83cfe0], sa_mask[0]=0x7ffbfeff, sa_flags=0x10000004
SIGBUS: [libjvm.so+0x83cfe0], sa_mask[0]=0x7ffbfeff, sa_flags=0x10000004
SIGFPE: [libjvm.so+0x6dddf0], sa_mask[0]=0x7ffbfeff, sa_flags=0x10000004
SIGPIPE: [libjvm.so+0x6dddf0], sa_mask[0]=0x7ffbfeff, sa_flags=0x10000004
SIGXFSZ: [libjvm.so+0x6dddf0], sa_mask[0]=0x7ffbfeff, sa_flags=0x10000004
SIGILL: [libjvm.so+0x6dddf0], sa_mask[0]=0x7ffbfeff, sa_flags=0x10000004
SIGUSR1: SIG_DFL, sa_mask[0]=0x00000000, sa_flags=0x00000000
SIGUSR2: [libjvm.so+0x6de230], sa_mask[0]=0x00000004, sa_flags=0x10000004
SIGHUP: SIG_DFL, sa_mask[0]=0x00000000, sa_flags=0x00000000
SIGINT: SIG_DFL, sa_mask[0]=0x00000000, sa_flags=0x00000000
SIGTERM: SIG_DFL, sa_mask[0]=0x00000000, sa_flags=0x00000000
SIGQUIT: SIG_DFL, sa_mask[0]=0x00000000, sa_flags=0x00000000


---------------  S Y S T E M  ---------------

OS:Ubuntu 12.04 (precise)
uname:Linux 3.2.0-59-generic #90-Ubuntu SMP Tue Jan 7 22:43:51 UTC 2014 x86_64
libc:glibc 2.15 NPTL 2.15 
rlimit: STACK 8192k, CORE 0k, NPROC 63384, NOFILE 4096, AS infinity
load average:1.03 0.48 0.32

/proc/meminfo:
MemTotal:        8133492 kB
MemFree:          207472 kB
Buffers:          710352 kB
Cached:          4391132 kB
SwapCached:          300 kB
Active:          3083808 kB
Inactive:        3909184 kB
Active(anon):    1612216 kB
Inactive(anon):   292980 kB
Active(file):    1471592 kB
Inactive(file):  3616204 kB
Unevictable:           0 kB
Mlocked:               0 kB
SwapTotal:       8393956 kB
SwapFree:        8391460 kB
Dirty:               132 kB
Writeback:             0 kB
AnonPages:       1891284 kB
Mapped:           165060 kB
Shmem:             13672 kB
Slab:             729884 kB
SReclaimable:     688700 kB
SUnreclaim:        41184 kB
KernelStack:        4064 kB
PageTables:        21712 kB
NFS_Unstable:          0 kB
Bounce:                0 kB
WritebackTmp:          0 kB
CommitLimit:    12460700 kB
Committed_AS:    4664852 kB
VmallocTotal:   34359738367 kB
VmallocUsed:      149176 kB
VmallocChunk:   34359586940 kB
HardwareCorrupted:     0 kB
AnonHugePages:         0 kB
HugePages_Total:       0
HugePages_Free:        0
HugePages_Rsvd:        0
HugePages_Surp:        0
Hugepagesize:       2048 kB
DirectMap4k:     7985152 kB
DirectMap2M:      362496 kB


CPU:total 8 (4 cores per cpu, 2 threads per core) family 6 model 42 stepping 7, cmov, cx8, fxsr, mmx, sse, sse2, sse3, ssse3, sse4.1, sse4.2, popcnt, avx, ht, tsc, tscinvbit

/proc/cpuinfo:
processor	: 0
vendor_id	: GenuineIntel
cpu family	: 6
model		: 42
model name	: Intel(R) Core(TM) i7-2600 CPU @ 3.40GHz
stepping	: 7
microcode	: 0x23
cpu MHz		: 1600.000
cache size	: 8192 KB
physical id	: 0
siblings	: 8
core id		: 0
cpu cores	: 4
apicid		: 0
initial apicid	: 0
fpu		: yes
fpu_exception	: yes
cpuid level	: 13
wp		: yes
flags		: fpu vme de pse tsc msr pae mce cx8 apic sep mtrr pge mca cmov pat pse36 clflush dts acpi mmx fxsr sse sse2 ss ht tm pbe syscall nx rdtscp lm constant_tsc arch_perfmon pebs bts rep_good nopl xtopology nonstop_tsc aperfmperf pni pclmulqdq dtes64 monitor ds_cpl vmx smx est tm2 ssse3 cx16 xtpr pdcm pcid sse4_1 sse4_2 x2apic popcnt tsc_deadline_timer aes xsave avx lahf_lm ida arat epb xsaveopt pln pts dtherm tpr_shadow vnmi flexpriority ept vpid
bogomips	: 6784.77
clflush size	: 64
cache_alignment	: 64
address sizes	: 36 bits physical, 48 bits virtual
power management:

processor	: 1
vendor_id	: GenuineIntel
cpu family	: 6
model		: 42
model name	: Intel(R) Core(TM) i7-2600 CPU @ 3.40GHz
stepping	: 7
microcode	: 0x23
cpu MHz		: 1600.000
cache size	: 8192 KB
physical id	: 0
siblings	: 8
core id		: 1
cpu cores	: 4
apicid		: 2
initial apicid	: 2
fpu		: yes
fpu_exception	: yes
cpuid level	: 13
wp		: yes
flags		: fpu vme de pse tsc msr pae mce cx8 apic sep mtrr pge mca cmov pat pse36 clflush dts acpi mmx fxsr sse sse2 ss ht tm pbe syscall nx rdtscp lm constant_tsc arch_perfmon pebs bts rep_good nopl xtopology nonstop_tsc aperfmperf pni pclmulqdq dtes64 monitor ds_cpl vmx smx est tm2 ssse3 cx16 xtpr pdcm pcid sse4_1 sse4_2 x2apic popcnt tsc_deadline_timer aes xsave avx lahf_lm ida arat epb xsaveopt pln pts dtherm tpr_shadow vnmi flexpriority ept vpid
bogomips	: 6784.26
clflush size	: 64
cache_alignment	: 64
address sizes	: 36 bits physical, 48 bits virtual
power management:

processor	: 2
vendor_id	: GenuineIntel
cpu family	: 6
model		: 42
model name	: Intel(R) Core(TM) i7-2600 CPU @ 3.40GHz
stepping	: 7
microcode	: 0x23
cpu MHz		: 1600.000
cache size	: 8192 KB
physical id	: 0
siblings	: 8
core id		: 2
cpu cores	: 4
apicid		: 4
initial apicid	: 4
fpu		: yes
fpu_exception	: yes
cpuid level	: 13
wp		: yes
flags		: fpu vme de pse tsc msr pae mce cx8 apic sep mtrr pge mca cmov pat pse36 clflush dts acpi mmx fxsr sse sse2 ss ht tm pbe syscall nx rdtscp lm constant_tsc arch_perfmon pebs bts rep_good nopl xtopology nonstop_tsc aperfmperf pni pclmulqdq dtes64 monitor ds_cpl vmx smx est tm2 ssse3 cx16 xtpr pdcm pcid sse4_1 sse4_2 x2apic popcnt tsc_deadline_timer aes xsave avx lahf_lm ida arat epb xsaveopt pln pts dtherm tpr_shadow vnmi flexpriority ept vpid
bogomips	: 6784.27
clflush size	: 64
cache_alignment	: 64
address sizes	: 36 bits physical, 48 bits virtual
power management:

processor	: 3
vendor_id	: GenuineIntel
cpu family	: 6
model		: 42
model name	: Intel(R) Core(TM) i7-2600 CPU @ 3.40GHz
stepping	: 7
microcode	: 0x23
cpu MHz		: 1600.000
cache size	: 8192 KB
physical id	: 0
siblings	: 8
core id		: 3
cpu cores	: 4
apicid		: 6
initial apicid	: 6
fpu		: yes
fpu_exception	: yes
cpuid level	: 13
wp		: yes
flags		: fpu vme de pse tsc msr pae mce cx8 apic sep mtrr pge mca cmov pat pse36 clflush dts acpi mmx fxsr sse sse2 ss ht tm pbe syscall nx rdtscp lm constant_tsc arch_perfmon pebs bts rep_good nopl xtopology nonstop_tsc aperfmperf pni pclmulqdq dtes64 monitor ds_cpl vmx smx est tm2 ssse3 cx16 xtpr pdcm pcid sse4_1 sse4_2 x2apic popcnt tsc_deadline_timer aes xsave avx lahf_lm ida arat epb xsaveopt pln pts dtherm tpr_shadow vnmi flexpriority ept vpid
bogomips	: 6784.26
clflush size	: 64
cache_alignment	: 64
address sizes	: 36 bits physical, 48 bits virtual
power management:

processor	: 4
vendor_id	: GenuineIntel
cpu family	: 6
model		: 42
model name	: Intel(R) Core(TM) i7-2600 CPU @ 3.40GHz
stepping	: 7
microcode	: 0x23
cpu MHz		: 1600.000
cache size	: 8192 KB
physical id	: 0
siblings	: 8
core id		: 0
cpu cores	: 4
apicid		: 1
initial apicid	: 1
fpu		: yes
fpu_exception	: yes
cpuid level	: 13
wp		: yes
flags		: fpu vme de pse tsc msr pae mce cx8 apic sep mtrr pge mca cmov pat pse36 clflush dts acpi mmx fxsr sse sse2 ss ht tm pbe syscall nx rdtscp lm constant_tsc arch_perfmon pebs bts rep_good nopl xtopology nonstop_tsc aperfmperf pni pclmulqdq dtes64 monitor ds_cpl vmx smx est tm2 ssse3 cx16 xtpr pdcm pcid sse4_1 sse4_2 x2apic popcnt tsc_deadline_timer aes xsave avx lahf_lm ida arat epb xsaveopt pln pts dtherm tpr_shadow vnmi flexpriority ept vpid
bogomips	: 6784.28
clflush size	: 64
cache_alignment	: 64
address sizes	: 36 bits physical, 48 bits virtual
power management:

processor	: 5
vendor_id	: GenuineIntel
cpu family	: 6
model		: 42
model name	: Intel(R) Core(TM) i7-2600 CPU @ 3.40GHz
stepping	: 7
microcode	: 0x23
cpu MHz		: 1600.000
cache size	: 8192 KB
physical id	: 0
siblings	: 8
core id		: 1
cpu cores	: 4
apicid		: 3
initial apicid	: 3
fpu		: yes
fpu_exception	: yes
cpuid level	: 13
wp		: yes
flags		: fpu vme de pse tsc msr pae mce cx8 apic sep mtrr pge mca cmov pat pse36 clflush dts acpi mmx fxsr sse sse2 ss ht tm pbe syscall nx rdtscp lm constant_tsc arch_perfmon pebs bts rep_good nopl xtopology nonstop_tsc aperfmperf pni pclmulqdq dtes64 monitor ds_cpl vmx smx est tm2 ssse3 cx16 xtpr pdcm pcid sse4_1 sse4_2 x2apic popcnt tsc_deadline_timer aes xsave avx lahf_lm ida arat epb xsaveopt pln pts dtherm tpr_shadow vnmi flexpriority ept vpid
bogomips	: 6784.27
clflush size	: 64
cache_alignment	: 64
address sizes	: 36 bits physical, 48 bits virtual
power management:

processor	: 6
vendor_id	: GenuineIntel
cpu family	: 6
model		: 42
model name	: Intel(R) Core(TM) i7-2600 CPU @ 3.40GHz
stepping	: 7
microcode	: 0x23
cpu MHz		: 1600.000
cache size	: 8192 KB
physical id	: 0
siblings	: 8
core id		: 2
cpu cores	: 4
apicid		: 5
initial apicid	: 5
fpu		: yes
fpu_exception	: yes
cpuid level	: 13
wp		: yes
flags		: fpu vme de pse tsc msr pae mce cx8 apic sep mtrr pge mca cmov pat pse36 clflush dts acpi mmx fxsr sse sse2 ss ht tm pbe syscall nx rdtscp lm constant_tsc arch_perfmon pebs bts rep_good nopl xtopology nonstop_tsc aperfmperf pni pclmulqdq dtes64 monitor ds_cpl vmx smx est tm2 ssse3 cx16 xtpr pdcm pcid sse4_1 sse4_2 x2apic popcnt tsc_deadline_timer aes xsave avx lahf_lm ida arat epb xsaveopt pln pts dtherm tpr_shadow vnmi flexpriority ept vpid
bogomips	: 6784.27
clflush size	: 64
cache_alignment	: 64
address sizes	: 36 bits physical, 48 bits virtual
power management:

processor	: 7
vendor_id	: GenuineIntel
cpu family	: 6
model		: 42
model name	: Intel(R) Core(TM) i7-2600 CPU @ 3.40GHz
stepping	: 7
microcode	: 0x23
cpu MHz		: 1600.000
cache size	: 8192 KB
physical id	: 0
siblings	: 8
core id		: 3
cpu cores	: 4
apicid		: 7
initial apicid	: 7
fpu		: yes
fpu_exception	: yes
cpuid level	: 13
wp		: yes
flags		: fpu vme de pse tsc msr pae mce cx8 apic sep mtrr pge mca cmov pat pse36 clflush dts acpi mmx fxsr sse sse2 ss ht tm pbe syscall nx rdtscp lm constant_tsc arch_perfmon pebs bts rep_good nopl xtopology nonstop_tsc aperfmperf pni pclmulqdq dtes64 monitor ds_cpl vmx smx est tm2 ssse3 cx16 xtpr pdcm pcid sse4_1 sse4_2 x2apic popcnt tsc_deadline_timer aes xsave avx lahf_lm ida arat epb xsaveopt pln pts dtherm tpr_shadow vnmi flexpriority ept vpid
bogomips	: 6784.26
clflush size	: 64
cache_alignment	: 64
address sizes	: 36 bits physical, 48 bits virtual
power management:



Memory: 4k page, physical 8133492k(207472k free), swap 8393956k(8391460k free)

vm_info: OpenJDK 64-Bit Server VM (23.25-b01) for linux-amd64 JRE (1.6.0_30-b30), built on Feb 25 2014 23:11:33 by "buildd" with gcc 4.6.3

time: Sun Mar 16 17:17:58 2014
elapsed time: 0 seconds

